{"logTime": "0115/200639", "correlationVector":"RlL4YrPOCAJmlK6ITR1edP.1","action":"SyncServerConnectionManagerRequest", "result":"SYNC_SERVER_OK", "context":{"environment":"Prod_germanywestcentral_prod-s01-011-eur-germanywestcentral", "migrationStage":"NotStarted", "server":"akswtt00300000p"}}
{"logTime": "0115/200640", "correlationVector":"CukWdFBDzwB6SLo+cDODTD","action":"SyncServerConnectionManagerRequest", "result":"SYNC_SERVER_OK", "context":{"environment":"", "migrationStage":"", "server":""}}
{"logTime": "0115/200640", "correlationVector":"RlL4YrPOCAJmlK6ITR1edP","action":"Initial GetUpdates", "result":"", "context":Reason: NEW_CLIENT. cV=RlL4YrPOCAJmlK6ITR1edP}
{"logTime": "0115/200640", "correlationVector":"RlL4YrPOCAJmlK6ITR1edP.2","action":"GetUpdates Response", "result":"Success", "context":Received 1 update(s). cV=RlL4YrPOCAJmlK6ITR1edP.0;server=akswtt00300000p;cloudType=Consumer;environment=Prod_germanywestcentral_prod-s01-011-eur-germanywestcentral;migrationStage=NotStarted}
{"logTime": "0115/200640", "correlationVector":"BfeAx0FFAPM+M5GXADdcye","action":"Initial GetUpdates", "result":"", "context":Reason: NEWLY_SUPPORTED_DATATYPE. cV=BfeAx0FFAPM+M5GXADdcye}
{"logTime": "0115/200640", "correlationVector":"BfeAx0FFAPM+M5GXADdcye.1","action":"SyncServerConnectionManagerRequest", "result":"SYNC_SERVER_OK", "context":{"environment":"Prod_germanywestcentral_prod-s01-011-eur-germanywestcentral", "migrationStage":"NotStarted", "server":"akswtt00300001g"}}
{"logTime": "0115/200640", "correlationVector":"BfeAx0FFAPM+M5GXADdcye.2","action":"GetUpdates Response", "result":"Success", "context":Received 7 update(s). cV=BfeAx0FFAPM+M5GXADdcye.0;server=akswtt00300001g;cloudType=Consumer;environment=Prod_germanywestcentral_prod-s01-011-eur-germanywestcentral;migrationStage=NotStarted}
{"logTime": "0115/200640", "correlationVector":"PgZqDpVpWQuSbjMXf2IeN2","action":"Normal GetUpdate request", "result":"", "context":cV=PgZqDpVpWQuSbjMXf2IeN2
Nudged types: Sessions, History
Refresh requested types: Bookmarks, Preferences, Passwords, Autofill Profiles, Autofill, Extensions, Sessions, Extension settings, History Delete Directives, Device Info, User Consents, Send Tab To Self, Web Apps, History, Collection, Edge E Drop, Edge Hub App Usage, Edge Tab Group, Edge Wallet, Encryption Keys}
{"logTime": "0115/200641", "correlationVector":"PgZqDpVpWQuSbjMXf2IeN2.1","action":"SyncServerConnectionManagerRequest", "result":"SYNC_SERVER_OK", "context":{"environment":"Prod_germanywestcentral_prod-s01-011-eur-germanywestcentral", "migrationStage":"NotStarted", "server":"akswtt00300000t"}}
{"logTime": "0115/200641", "correlationVector":"PgZqDpVpWQuSbjMXf2IeN2.2","action":"GetUpdates", "result":"DeleteReceived", "context":{"id":"0c92f36a-0be3-47b2-bfcd-ac7753ab81db", "isDeleted:":"true", "version":"1736970844746"}}
{"logTime": "0115/200641", "correlationVector":"PgZqDpVpWQuSbjMXf2IeN2.3","action":"GetUpdates Response", "result":"Success", "context":Received 12 update(s). cV=PgZqDpVpWQuSbjMXf2IeN2.0;server=akswtt00300000t;cloudType=Consumer;environment=Prod_germanywestcentral_prod-s01-011-eur-germanywestcentral;migrationStage=NotStarted}
{"logTime": "0115/200641", "correlationVector":"na2oxBsjRtseOyEhCYIGli","action":"Commit Request", "result":"", "context":Item count: 3
Contributing types: Sessions}
{"logTime": "0115/200641", "correlationVector":"na2oxBsjRtseOyEhCYIGli.1","action":"SyncServerConnectionManagerRequest", "result":"SYNC_SERVER_OK", "context":{"environment":"Prod_germanywestcentral_prod-s01-011-eur-germanywestcentral", "migrationStage":"NotStarted", "server":"akswtt00300001g"}}
{"logTime": "0115/200641", "correlationVector":"na2oxBsjRtseOyEhCYIGli.3","action":"Commit.Sessions", "result":"Success", "context":{"id":"dd196e8e-57fd-4f96-833b-f6bbb43a7157", "isDeleted":"true", "size":"0", "version":"1736970900608"}}
{"logTime": "0115/200641", "correlationVector":"na2oxBsjRtseOyEhCYIGli.2","action":"Commit Response", "result":"Success", "context":Result: Success. cV=na2oxBsjRtseOyEhCYIGli.0;server=akswtt00300001g;cloudType=Consumer;environment=Prod_germanywestcentral_prod-s01-011-eur-germanywestcentral;migrationStage=NotStarted}
{"logTime": "0115/200711", "correlationVector":"gnWI4GN7bIm4RkDh78ayNC","action":"Commit Request", "result":"", "context":Item count: 7
Contributing types: Sessions, History}
{"logTime": "0115/200712", "correlationVector":"gnWI4GN7bIm4RkDh78ayNC.1","action":"SyncServerConnectionManagerRequest", "result":"SYNC_SERVER_OK", "context":{"environment":"Prod_germanywestcentral_prod-s01-011-eur-germanywestcentral", "migrationStage":"NotStarted", "server":"akswtt003000008"}}
{"logTime": "0115/200712", "correlationVector":"gnWI4GN7bIm4RkDh78ayNC.2","action":"Commit Response", "result":"Success", "context":Result: Success. cV=gnWI4GN7bIm4RkDh78ayNC.0;server=akswtt003000008;cloudType=Consumer;environment=Prod_germanywestcentral_prod-s01-011-eur-germanywestcentral;migrationStage=NotStarted}
{"logTime": "0115/200746", "correlationVector":"5MLqnkaxWn2IpdpXP+O2Ye","action":"Commit Request", "result":"", "context":Item count: 1
Contributing types: Preferences}
{"logTime": "0115/200747", "correlationVector":"5MLqnkaxWn2IpdpXP+O2Ye.1","action":"SyncServerConnectionManagerRequest", "result":"SYNC_SERVER_OK", "context":{"environment":"Prod_germanywestcentral_prod-s01-011-eur-germanywestcentral", "migrationStage":"NotStarted", "server":"akswtt00300002r"}}
{"logTime": "0115/200747", "correlationVector":"5MLqnkaxWn2IpdpXP+O2Ye.2","action":"Commit Response", "result":"Success", "context":Result: Success. cV=5MLqnkaxWn2IpdpXP+O2Ye.0;server=akswtt00300002r;cloudType=Consumer;environment=Prod_germanywestcentral_prod-s01-011-eur-germanywestcentral;migrationStage=NotStarted}
{"logTime": "0115/200922", "correlationVector":"eEpdSOqhzPOREEBEVLhy8b.1","action":"SyncServerConnectionManagerRequest", "result":"SYNC_SERVER_OK", "context":{"environment":"Prod_germanywestcentral_prod-s01-011-eur-germanywestcentral", "migrationStage":"NotStarted", "server":"akswtt00300001h"}}
{"logTime": "0115/200923", "correlationVector":"gy0WtTMCK3jhNnvSfT5loh","action":"SyncServerConnectionManagerRequest", "result":"SYNC_SERVER_OK", "context":{"environment":"", "migrationStage":"", "server":""}}
{"logTime": "0115/200923", "correlationVector":"eEpdSOqhzPOREEBEVLhy8b","action":"Initial GetUpdates", "result":"", "context":Reason: NEW_CLIENT. cV=eEpdSOqhzPOREEBEVLhy8b}
{"logTime": "0115/200923", "correlationVector":"eEpdSOqhzPOREEBEVLhy8b.2","action":"GetUpdates Response", "result":"Success", "context":Received 1 update(s). cV=eEpdSOqhzPOREEBEVLhy8b.0;server=akswtt00300001h;cloudType=Consumer;environment=Prod_germanywestcentral_prod-s01-011-eur-germanywestcentral;migrationStage=NotStarted}
{"logTime": "0115/200923", "correlationVector":"VOmCXUExDAwsrlKVwhG9rC","action":"Initial GetUpdates", "result":"", "context":Reason: NEWLY_SUPPORTED_DATATYPE. cV=VOmCXUExDAwsrlKVwhG9rC}
{"logTime": "0115/200924", "correlationVector":"VOmCXUExDAwsrlKVwhG9rC.1","action":"SyncServerConnectionManagerRequest", "result":"SYNC_SERVER_OK", "context":{"environment":"Prod_germanywestcentral_prod-s01-011-eur-germanywestcentral", "migrationStage":"NotStarted", "server":"akswtt00300001w"}}
{"logTime": "0115/200924", "correlationVector":"VOmCXUExDAwsrlKVwhG9rC.2","action":"GetUpdates Response", "result":"Success", "context":Received 7 update(s). cV=VOmCXUExDAwsrlKVwhG9rC.0;server=akswtt00300001w;cloudType=Consumer;environment=Prod_germanywestcentral_prod-s01-011-eur-germanywestcentral;migrationStage=NotStarted}
{"logTime": "0115/200924", "correlationVector":"b+5SpqVrypAIPGqsFxOKDt","action":"Normal GetUpdate request", "result":"", "context":cV=b+5SpqVrypAIPGqsFxOKDt
Nudged types: Sessions, History
Refresh requested types: Bookmarks, Preferences, Passwords, Autofill Profiles, Autofill, Extensions, Sessions, Extension settings, History Delete Directives, Device Info, User Consents, Send Tab To Self, Web Apps, History, Collection, Edge E Drop, Edge Hub App Usage, Edge Tab Group, Edge Wallet, Encryption Keys}
{"logTime": "0115/200924", "correlationVector":"b+5SpqVrypAIPGqsFxOKDt.1","action":"SyncServerConnectionManagerRequest", "result":"SYNC_SERVER_OK", "context":{"environment":"Prod_germanywestcentral_prod-s01-011-eur-germanywestcentral", "migrationStage":"NotStarted", "server":"akswtt00300000k"}}
{"logTime": "0115/200924", "correlationVector":"b+5SpqVrypAIPGqsFxOKDt.2","action":"GetUpdates", "result":"DeleteReceived", "context":{"id":"dd196e8e-57fd-4f96-833b-f6bbb43a7157", "isDeleted:":"true", "version":"1736971601232"}}
{"logTime": "0115/200924", "correlationVector":"b+5SpqVrypAIPGqsFxOKDt.3","action":"GetUpdates Response", "result":"Success", "context":Received 10 update(s). cV=b+5SpqVrypAIPGqsFxOKDt.0;server=akswtt00300000k;cloudType=Consumer;environment=Prod_germanywestcentral_prod-s01-011-eur-germanywestcentral;migrationStage=NotStarted}
{"logTime": "0115/200924", "correlationVector":"DjfDQQVB3jujzDkjl8ZYRd","action":"Commit Request", "result":"", "context":Item count: 4
Contributing types: Sessions, History}
{"logTime": "0115/200925", "correlationVector":"DjfDQQVB3jujzDkjl8ZYRd.1","action":"SyncServerConnectionManagerRequest", "result":"SYNC_SERVER_OK", "context":{"environment":"Prod_germanywestcentral_prod-s01-011-eur-germanywestcentral", "migrationStage":"NotStarted", "server":"akswtt003000013"}}
{"logTime": "0115/200925", "correlationVector":"DjfDQQVB3jujzDkjl8ZYRd.3","action":"Commit.Sessions", "result":"Success", "context":{"id":"1e9b87ce-fb2b-450d-8431-b6434ee9fbd6", "isDeleted":"true", "size":"0", "version":"1736971631799"}}
{"logTime": "0115/200925", "correlationVector":"DjfDQQVB3jujzDkjl8ZYRd.2","action":"Commit Response", "result":"Success", "context":Result: Success. cV=DjfDQQVB3jujzDkjl8ZYRd.0;server=akswtt003000013;cloudType=Consumer;environment=Prod_germanywestcentral_prod-s01-011-eur-germanywestcentral;migrationStage=NotStarted}
{"logTime": "0115/200953", "correlationVector":"jx/MxuqZXvb4DJiwQYjNp/","action":"Commit Request", "result":"", "context":Item count: 8
Contributing types: Preferences, Sessions, History}
{"logTime": "0115/200954", "correlationVector":"jx/MxuqZXvb4DJiwQYjNp/.1","action":"SyncServerConnectionManagerRequest", "result":"SYNC_SERVER_OK", "context":{"environment":"Prod_germanywestcentral_prod-s01-011-eur-germanywestcentral", "migrationStage":"NotStarted", "server":"akswtt00300000b"}}
{"logTime": "0115/200954", "correlationVector":"jx/MxuqZXvb4DJiwQYjNp/.2","action":"Commit Response", "result":"Success", "context":Result: Success. cV=jx/MxuqZXvb4DJiwQYjNp/.0;server=akswtt00300000b;cloudType=Consumer;environment=Prod_germanywestcentral_prod-s01-011-eur-germanywestcentral;migrationStage=NotStarted}
{"logTime": "0115/201132", "correlationVector":"QYFSkPu2wMWlERZNxkkqZv.1","action":"SyncServerConnectionManagerRequest", "result":"SYNC_SERVER_OK", "context":{"environment":"Prod_germanywestcentral_prod-s01-011-eur-germanywestcentral", "migrationStage":"NotStarted", "server":"akswtt003000014"}}
{"logTime": "0115/201133", "correlationVector":"YrhnERuydhp8AB9RrDDGO8","action":"SyncServerConnectionManagerRequest", "result":"SYNC_SERVER_OK", "context":{"environment":"", "migrationStage":"", "server":""}}
{"logTime": "0115/201133", "correlationVector":"QYFSkPu2wMWlERZNxkkqZv","action":"Initial GetUpdates", "result":"", "context":Reason: NEW_CLIENT. cV=QYFSkPu2wMWlERZNxkkqZv}
{"logTime": "0115/201133", "correlationVector":"QYFSkPu2wMWlERZNxkkqZv.2","action":"GetUpdates Response", "result":"Success", "context":Received 1 update(s). cV=QYFSkPu2wMWlERZNxkkqZv.0;server=akswtt003000014;cloudType=Consumer;environment=Prod_germanywestcentral_prod-s01-011-eur-germanywestcentral;migrationStage=NotStarted}
{"logTime": "0115/201133", "correlationVector":"g4yNrFiMH2hwwWJxw47kzw","action":"Initial GetUpdates", "result":"", "context":Reason: NEWLY_SUPPORTED_DATATYPE. cV=g4yNrFiMH2hwwWJxw47kzw}
{"logTime": "0115/201134", "correlationVector":"g4yNrFiMH2hwwWJxw47kzw.1","action":"SyncServerConnectionManagerRequest", "result":"SYNC_SERVER_OK", "context":{"environment":"Prod_germanywestcentral_prod-s01-011-eur-germanywestcentral", "migrationStage":"NotStarted", "server":"akswtt00300002r"}}
{"logTime": "0115/201134", "correlationVector":"g4yNrFiMH2hwwWJxw47kzw.2","action":"GetUpdates Response", "result":"Success", "context":Received 7 update(s). cV=g4yNrFiMH2hwwWJxw47kzw.0;server=akswtt00300002r;cloudType=Consumer;environment=Prod_germanywestcentral_prod-s01-011-eur-germanywestcentral;migrationStage=NotStarted}
{"logTime": "0115/201134", "correlationVector":"EIMLCqGP2R3zgbJhvOyEPc","action":"Normal GetUpdate request", "result":"", "context":cV=EIMLCqGP2R3zgbJhvOyEPc
Nudged types: Sessions, History
Refresh requested types: Bookmarks, Preferences, Passwords, Autofill Profiles, Autofill, Extensions, Sessions, Extension settings, History Delete Directives, Device Info, User Consents, Send Tab To Self, Web Apps, History, Collection, Edge E Drop, Edge Hub App Usage, Edge Tab Group, Edge Wallet, Encryption Keys}
{"logTime": "0115/201135", "correlationVector":"EIMLCqGP2R3zgbJhvOyEPc.1","action":"SyncServerConnectionManagerRequest", "result":"SYNC_SERVER_OK", "context":{"environment":"Prod_germanywestcentral_prod-s01-011-eur-germanywestcentral", "migrationStage":"NotStarted", "server":"akswtt00300002k"}}
{"logTime": "0115/201135", "correlationVector":"EIMLCqGP2R3zgbJhvOyEPc.2","action":"GetUpdates", "result":"DeleteReceived", "context":{"id":"1e9b87ce-fb2b-450d-8431-b6434ee9fbd6", "isDeleted:":"true", "version":"1736971765038"}}
{"logTime": "0115/201135", "correlationVector":"EIMLCqGP2R3zgbJhvOyEPc.3","action":"GetUpdates Response", "result":"Success", "context":Received 11 update(s). cV=EIMLCqGP2R3zgbJhvOyEPc.0;server=akswtt00300002k;cloudType=Consumer;environment=Prod_germanywestcentral_prod-s01-011-eur-germanywestcentral;migrationStage=NotStarted}
{"logTime": "0115/201135", "correlationVector":"YX3UlkdhDhd+wzVcQzNrRh","action":"Commit Request", "result":"", "context":Item count: 4
Contributing types: Sessions, History}
{"logTime": "0115/201135", "correlationVector":"YX3UlkdhDhd+wzVcQzNrRh.1","action":"SyncServerConnectionManagerRequest", "result":"SYNC_SERVER_OK", "context":{"environment":"Prod_germanywestcentral_prod-s01-011-eur-germanywestcentral", "migrationStage":"NotStarted", "server":"akswtt00300002r"}}
{"logTime": "0115/201135", "correlationVector":"YX3UlkdhDhd+wzVcQzNrRh.3","action":"Commit.Sessions", "result":"Success", "context":{"id":"3d59f4b9-cb8c-40bb-b9af-802b95407b68", "isDeleted":"true", "size":"0", "version":"1736971793473"}}
{"logTime": "0115/201135", "correlationVector":"YX3UlkdhDhd+wzVcQzNrRh.2","action":"Commit Response", "result":"Success", "context":Result: Success. cV=YX3UlkdhDhd+wzVcQzNrRh.0;server=akswtt00300002r;cloudType=Consumer;environment=Prod_germanywestcentral_prod-s01-011-eur-germanywestcentral;migrationStage=NotStarted}
{"logTime": "0115/201200", "correlationVector":"d205YI4kmvBc6MxY7WM4RY","action":"Commit Request", "result":"", "context":Item count: 8
Contributing types: Preferences, Sessions, History}
{"logTime": "0115/201200", "correlationVector":"d205YI4kmvBc6MxY7WM4RY.1","action":"SyncServerConnectionManagerRequest", "result":"SYNC_SERVER_OK", "context":{"environment":"Prod_germanywestcentral_prod-s01-011-eur-germanywestcentral", "migrationStage":"NotStarted", "server":"akswtt00300000q"}}
{"logTime": "0115/201200", "correlationVector":"d205YI4kmvBc6MxY7WM4RY.2","action":"Commit Response", "result":"Success", "context":Result: Success. cV=d205YI4kmvBc6MxY7WM4RY.0;server=akswtt00300000q;cloudType=Consumer;environment=Prod_germanywestcentral_prod-s01-011-eur-germanywestcentral;migrationStage=NotStarted}
{"logTime": "0115/201402", "correlationVector":"dopsv8ui9KfjOXlW2NROwO.1","action":"SyncServerConnectionManagerRequest", "result":"SYNC_SERVER_OK", "context":{"environment":"Prod_germanywestcentral_prod-s01-011-eur-germanywestcentral", "migrationStage":"NotStarted", "server":"akswtt003000001"}}
{"logTime": "0115/201403", "correlationVector":"0XmkZmneEaby3rjjMXM9kK","action":"SyncServerConnectionManagerRequest", "result":"SYNC_SERVER_OK", "context":{"environment":"", "migrationStage":"", "server":""}}
{"logTime": "0115/201403", "correlationVector":"dopsv8ui9KfjOXlW2NROwO","action":"Initial GetUpdates", "result":"", "context":Reason: NEW_CLIENT. cV=dopsv8ui9KfjOXlW2NROwO}
{"logTime": "0115/201403", "correlationVector":"dopsv8ui9KfjOXlW2NROwO.2","action":"GetUpdates Response", "result":"Success", "context":Received 1 update(s). cV=dopsv8ui9KfjOXlW2NROwO.0;server=akswtt003000001;cloudType=Consumer;environment=Prod_germanywestcentral_prod-s01-011-eur-germanywestcentral;migrationStage=NotStarted}
{"logTime": "0115/201403", "correlationVector":"zgtTKJkpuopp/stJZuKgDK","action":"Initial GetUpdates", "result":"", "context":Reason: NEWLY_SUPPORTED_DATATYPE. cV=zgtTKJkpuopp/stJZuKgDK}
{"logTime": "0115/201404", "correlationVector":"zgtTKJkpuopp/stJZuKgDK.1","action":"SyncServerConnectionManagerRequest", "result":"SYNC_SERVER_OK", "context":{"environment":"Prod_germanywestcentral_prod-s01-011-eur-germanywestcentral", "migrationStage":"NotStarted", "server":"akswtt00300000p"}}
{"logTime": "0115/201404", "correlationVector":"zgtTKJkpuopp/stJZuKgDK.2","action":"GetUpdates Response", "result":"Success", "context":Received 7 update(s). cV=zgtTKJkpuopp/stJZuKgDK.0;server=akswtt00300000p;cloudType=Consumer;environment=Prod_germanywestcentral_prod-s01-011-eur-germanywestcentral;migrationStage=NotStarted}
{"logTime": "0115/201404", "correlationVector":"g6huVAaRgzwoQ08NWSie6H","action":"Normal GetUpdate request", "result":"", "context":cV=g6huVAaRgzwoQ08NWSie6H
Nudged types: Sessions, History
Refresh requested types: Bookmarks, Preferences, Passwords, Autofill Profiles, Autofill, Extensions, Sessions, Extension settings, History Delete Directives, Device Info, User Consents, Send Tab To Self, Web Apps, History, Collection, Edge E Drop, Edge Hub App Usage, Edge Tab Group, Edge Wallet, Encryption Keys}
{"logTime": "0115/201404", "correlationVector":"g6huVAaRgzwoQ08NWSie6H.1","action":"SyncServerConnectionManagerRequest", "result":"SYNC_SERVER_OK", "context":{"environment":"Prod_germanywestcentral_prod-s01-011-eur-germanywestcentral", "migrationStage":"NotStarted", "server":"akswtt003000003"}}
{"logTime": "0115/201404", "correlationVector":"g6huVAaRgzwoQ08NWSie6H.2","action":"GetUpdates", "result":"DeleteReceived", "context":{"id":"3d59f4b9-cb8c-40bb-b9af-802b95407b68", "isDeleted:":"true", "version":"1736971895189"}}
{"logTime": "0115/201404", "correlationVector":"g6huVAaRgzwoQ08NWSie6H.3","action":"GetUpdates Response", "result":"Success", "context":Received 11 update(s). cV=g6huVAaRgzwoQ08NWSie6H.0;server=akswtt003000003;cloudType=Consumer;environment=Prod_germanywestcentral_prod-s01-011-eur-germanywestcentral;migrationStage=NotStarted}
{"logTime": "0115/201404", "correlationVector":"OgR+jWfOKApo6OVQvoyixo","action":"Commit Request", "result":"", "context":Item count: 4
Contributing types: Sessions, History}
{"logTime": "0115/201405", "correlationVector":"OgR+jWfOKApo6OVQvoyixo.1","action":"SyncServerConnectionManagerRequest", "result":"SYNC_SERVER_OK", "context":{"environment":"Prod_germanywestcentral_prod-s01-011-eur-germanywestcentral", "migrationStage":"NotStarted", "server":"akswtt00300001j"}}
{"logTime": "0115/201405", "correlationVector":"OgR+jWfOKApo6OVQvoyixo.3","action":"Commit.Sessions", "result":"Success", "context":{"id":"a4aa98cc-6c91-46c0-a627-b4cb41e1fe91", "isDeleted":"true", "size":"0", "version":"1736971920313"}}
{"logTime": "0115/201405", "correlationVector":"OgR+jWfOKApo6OVQvoyixo.2","action":"Commit Response", "result":"Success", "context":Result: Success. cV=OgR+jWfOKApo6OVQvoyixo.0;server=akswtt00300001j;cloudType=Consumer;environment=Prod_germanywestcentral_prod-s01-011-eur-germanywestcentral;migrationStage=NotStarted}
{"logTime": "0115/201435", "correlationVector":"X4z269Ee1vhqTGruqs6/MI","action":"Commit Request", "result":"", "context":Item count: 7
Contributing types: Sessions, History}
{"logTime": "0115/201435", "correlationVector":"X4z269Ee1vhqTGruqs6/MI.1","action":"SyncServerConnectionManagerRequest", "result":"SYNC_SERVER_OK", "context":{"environment":"Prod_germanywestcentral_prod-s01-011-eur-germanywestcentral", "migrationStage":"NotStarted", "server":"akswtt00300001j"}}
{"logTime": "0115/201435", "correlationVector":"X4z269Ee1vhqTGruqs6/MI.2","action":"Commit Response", "result":"Success", "context":Result: Success. cV=X4z269Ee1vhqTGruqs6/MI.0;server=akswtt00300001j;cloudType=Consumer;environment=Prod_germanywestcentral_prod-s01-011-eur-germanywestcentral;migrationStage=NotStarted}
{"logTime": "0115/201504", "correlationVector":"0uDmHo4iiFwNSJZ9eW17Ho","action":"Commit Request", "result":"", "context":Item count: 1
Contributing types: Preferences}
{"logTime": "0115/201504", "correlationVector":"0uDmHo4iiFwNSJZ9eW17Ho.1","action":"SyncServerConnectionManagerRequest", "result":"SYNC_SERVER_OK", "context":{"environment":"Prod_germanywestcentral_prod-s01-011-eur-germanywestcentral", "migrationStage":"NotStarted", "server":"akswtt00300000p"}}
{"logTime": "0115/201504", "correlationVector":"0uDmHo4iiFwNSJZ9eW17Ho.2","action":"Commit Response", "result":"Success", "context":Result: Success. cV=0uDmHo4iiFwNSJZ9eW17Ho.0;server=akswtt00300000p;cloudType=Consumer;environment=Prod_germanywestcentral_prod-s01-011-eur-germanywestcentral;migrationStage=NotStarted}
{"logTime": "0115/202727", "correlationVector":"ZJmuCVL/kZhRGefVRRNmrT.1","action":"SyncServerConnectionManagerRequest", "result":"SYNC_SERVER_OK", "context":{"environment":"Prod_germanywestcentral_prod-s01-011-eur-germanywestcentral", "migrationStage":"NotStarted", "server":"akswtt00300000z"}}
{"logTime": "0115/202728", "correlationVector":"glSIqforgXmfS1Ko+c0YBb","action":"SyncServerConnectionManagerRequest", "result":"SYNC_SERVER_OK", "context":{"environment":"", "migrationStage":"", "server":""}}
{"logTime": "0115/202728", "correlationVector":"ZJmuCVL/kZhRGefVRRNmrT","action":"Initial GetUpdates", "result":"", "context":Reason: NEW_CLIENT. cV=ZJmuCVL/kZhRGefVRRNmrT}
{"logTime": "0115/202728", "correlationVector":"ZJmuCVL/kZhRGefVRRNmrT.2","action":"GetUpdates Response", "result":"Success", "context":Received 1 update(s). cV=ZJmuCVL/kZhRGefVRRNmrT.0;server=akswtt00300000z;cloudType=Consumer;environment=Prod_germanywestcentral_prod-s01-011-eur-germanywestcentral;migrationStage=NotStarted}
{"logTime": "0115/202728", "correlationVector":"6amcdfCaVAGFP/0uE58RXn","action":"Initial GetUpdates", "result":"", "context":Reason: NEWLY_SUPPORTED_DATATYPE. cV=6amcdfCaVAGFP/0uE58RXn}
{"logTime": "0115/202729", "correlationVector":"6amcdfCaVAGFP/0uE58RXn.1","action":"SyncServerConnectionManagerRequest", "result":"SYNC_SERVER_OK", "context":{"environment":"Prod_germanywestcentral_prod-s01-011-eur-germanywestcentral", "migrationStage":"NotStarted", "server":"akswtt00300001p"}}
{"logTime": "0115/202729", "correlationVector":"6amcdfCaVAGFP/0uE58RXn.2","action":"GetUpdates Response", "result":"Success", "context":Received 7 update(s). cV=6amcdfCaVAGFP/0uE58RXn.0;server=akswtt00300001p;cloudType=Consumer;environment=Prod_germanywestcentral_prod-s01-011-eur-germanywestcentral;migrationStage=NotStarted}
{"logTime": "0115/202729", "correlationVector":"r+XzVzmlhiVCTDgIrRzmHJ","action":"Normal GetUpdate request", "result":"", "context":cV=r+XzVzmlhiVCTDgIrRzmHJ
Nudged types: Sessions, History
Refresh requested types: Bookmarks, Preferences, Passwords, Autofill Profiles, Autofill, Extensions, Sessions, Extension settings, History Delete Directives, Device Info, User Consents, Send Tab To Self, Web Apps, History, Collection, Edge E Drop, Edge Hub App Usage, Edge Tab Group, Edge Wallet, Encryption Keys}
{"logTime": "0115/202729", "correlationVector":"r+XzVzmlhiVCTDgIrRzmHJ.1","action":"SyncServerConnectionManagerRequest", "result":"SYNC_SERVER_OK", "context":{"environment":"Prod_germanywestcentral_prod-s01-011-eur-germanywestcentral", "migrationStage":"NotStarted", "server":"akswtt00300001v"}}
{"logTime": "0115/202729", "correlationVector":"r+XzVzmlhiVCTDgIrRzmHJ.2","action":"GetUpdates", "result":"DeleteReceived", "context":{"id":"a4aa98cc-6c91-46c0-a627-b4cb41e1fe91", "isDeleted:":"true", "version":"1736972044743"}}
{"logTime": "0115/202729", "correlationVector":"r+XzVzmlhiVCTDgIrRzmHJ.3","action":"GetUpdates Response", "result":"Success", "context":Received 11 update(s). cV=r+XzVzmlhiVCTDgIrRzmHJ.0;server=akswtt00300001v;cloudType=Consumer;environment=Prod_germanywestcentral_prod-s01-011-eur-germanywestcentral;migrationStage=NotStarted}
{"logTime": "0115/202729", "correlationVector":"N53k3JB8SWC1ZFLbkqN3K2","action":"Commit Request", "result":"", "context":Item count: 4
Contributing types: Sessions, History}
{"logTime": "0115/202730", "correlationVector":"N53k3JB8SWC1ZFLbkqN3K2.1","action":"SyncServerConnectionManagerRequest", "result":"SYNC_SERVER_OK", "context":{"environment":"Prod_germanywestcentral_prod-s01-011-eur-germanywestcentral", "migrationStage":"NotStarted", "server":"akswtt00300000z"}}
{"logTime": "0115/202730", "correlationVector":"N53k3JB8SWC1ZFLbkqN3K2.3","action":"Commit.Sessions", "result":"Success", "context":{"id":"155b6e1f-e517-4ac4-8328-a1d33938ddbc", "isDeleted":"true", "size":"0", "version":"1736972075300"}}
{"logTime": "0115/202730", "correlationVector":"N53k3JB8SWC1ZFLbkqN3K2.2","action":"Commit Response", "result":"Success", "context":Result: Success. cV=N53k3JB8SWC1ZFLbkqN3K2.0;server=akswtt00300000z;cloudType=Consumer;environment=Prod_germanywestcentral_prod-s01-011-eur-germanywestcentral;migrationStage=NotStarted}
{"logTime": "0115/202800", "correlationVector":"nu/xJRYww7qUC6OvsfjZ1s","action":"Commit Request", "result":"", "context":Item count: 8
Contributing types: Sessions, History}
{"logTime": "0115/202800", "correlationVector":"nu/xJRYww7qUC6OvsfjZ1s.1","action":"SyncServerConnectionManagerRequest", "result":"SYNC_SERVER_OK", "context":{"environment":"Prod_germanywestcentral_prod-s01-011-eur-germanywestcentral", "migrationStage":"NotStarted", "server":"akswtt00300000h"}}
{"logTime": "0115/202800", "correlationVector":"nu/xJRYww7qUC6OvsfjZ1s.2","action":"Commit Response", "result":"Success", "context":Result: Success. cV=nu/xJRYww7qUC6OvsfjZ1s.0;server=akswtt00300000h;cloudType=Consumer;environment=Prod_germanywestcentral_prod-s01-011-eur-germanywestcentral;migrationStage=NotStarted}
{"logTime": "0115/202829", "correlationVector":"ghbbAVjB+nzUa27g+K695k","action":"Commit Request", "result":"", "context":Item count: 4
Contributing types: Preferences, Sessions, History}
{"logTime": "0115/202830", "correlationVector":"ghbbAVjB+nzUa27g+K695k.1","action":"SyncServerConnectionManagerRequest", "result":"SYNC_SERVER_OK", "context":{"environment":"Prod_germanywestcentral_prod-s01-011-eur-germanywestcentral", "migrationStage":"NotStarted", "server":"akswtt00300000m"}}
{"logTime": "0115/202830", "correlationVector":"ghbbAVjB+nzUa27g+K695k.2","action":"Commit Response", "result":"Success", "context":Result: Success. cV=ghbbAVjB+nzUa27g+K695k.0;server=akswtt00300000m;cloudType=Consumer;environment=Prod_germanywestcentral_prod-s01-011-eur-germanywestcentral;migrationStage=NotStarted}
{"logTime": "0115/203021", "correlationVector":"Y7LgF+SmGziP55SWbR4dIS.1","action":"SyncServerConnectionManagerRequest", "result":"SYNC_SERVER_OK", "context":{"environment":"Prod_germanywestcentral_prod-s01-011-eur-germanywestcentral", "migrationStage":"NotStarted", "server":"akswtt003000001"}}
{"logTime": "0115/203022", "correlationVector":"4crsCRjA2E8aM5zFhyPWAZ","action":"SyncServerConnectionManagerRequest", "result":"SYNC_SERVER_OK", "context":{"environment":"", "migrationStage":"", "server":""}}
{"logTime": "0115/203022", "correlationVector":"Y7LgF+SmGziP55SWbR4dIS","action":"Initial GetUpdates", "result":"", "context":Reason: NEW_CLIENT. cV=Y7LgF+SmGziP55SWbR4dIS}
{"logTime": "0115/203022", "correlationVector":"Y7LgF+SmGziP55SWbR4dIS.2","action":"GetUpdates Response", "result":"Success", "context":Received 1 update(s). cV=Y7LgF+SmGziP55SWbR4dIS.0;server=akswtt003000001;cloudType=Consumer;environment=Prod_germanywestcentral_prod-s01-011-eur-germanywestcentral;migrationStage=NotStarted}
{"logTime": "0115/203022", "correlationVector":"9de/32+dHdZA9fFSiIKMwv","action":"Initial GetUpdates", "result":"", "context":Reason: NEWLY_SUPPORTED_DATATYPE. cV=9de/32+dHdZA9fFSiIKMwv}
{"logTime": "0115/203022", "correlationVector":"9de/32+dHdZA9fFSiIKMwv.1","action":"SyncServerConnectionManagerRequest", "result":"SYNC_SERVER_OK", "context":{"environment":"Prod_germanywestcentral_prod-s01-011-eur-germanywestcentral", "migrationStage":"NotStarted", "server":"akswtt003000008"}}
{"logTime": "0115/203022", "correlationVector":"9de/32+dHdZA9fFSiIKMwv.2","action":"GetUpdates Response", "result":"Success", "context":Received 7 update(s). cV=9de/32+dHdZA9fFSiIKMwv.0;server=akswtt003000008;cloudType=Consumer;environment=Prod_germanywestcentral_prod-s01-011-eur-germanywestcentral;migrationStage=NotStarted}
{"logTime": "0115/203022", "correlationVector":"DGNDOB8mbEVwwWwD5COgjZ","action":"Normal GetUpdate request", "result":"", "context":cV=DGNDOB8mbEVwwWwD5COgjZ
Nudged types: Sessions, History
Refresh requested types: Bookmarks, Preferences, Passwords, Autofill Profiles, Autofill, Extensions, Sessions, Extension settings, History Delete Directives, Device Info, User Consents, Send Tab To Self, Web Apps, History, Collection, Edge E Drop, Edge Hub App Usage, Edge Tab Group, Edge Wallet, Encryption Keys}
{"logTime": "0115/203023", "correlationVector":"DGNDOB8mbEVwwWwD5COgjZ.1","action":"SyncServerConnectionManagerRequest", "result":"SYNC_SERVER_OK", "context":{"environment":"Prod_germanywestcentral_prod-s01-011-eur-germanywestcentral", "migrationStage":"NotStarted", "server":"akswtt00300000q"}}
{"logTime": "0115/203023", "correlationVector":"DGNDOB8mbEVwwWwD5COgjZ.2","action":"GetUpdates", "result":"DeleteReceived", "context":{"id":"155b6e1f-e517-4ac4-8328-a1d33938ddbc", "isDeleted:":"true", "version":"1736972849662"}}
{"logTime": "0115/203023", "correlationVector":"DGNDOB8mbEVwwWwD5COgjZ.3","action":"GetUpdates Response", "result":"Success", "context":Received 13 update(s). cV=DGNDOB8mbEVwwWwD5COgjZ.0;server=akswtt00300000q;cloudType=Consumer;environment=Prod_germanywestcentral_prod-s01-011-eur-germanywestcentral;migrationStage=NotStarted}
{"logTime": "0115/203023", "correlationVector":"l1gclatc206g/ndK/rCflg","action":"Commit Request", "result":"", "context":Item count: 4
Contributing types: Sessions, History}
{"logTime": "0115/203024", "correlationVector":"l1gclatc206g/ndK/rCflg.1","action":"SyncServerConnectionManagerRequest", "result":"SYNC_SERVER_OK", "context":{"environment":"Prod_germanywestcentral_prod-s01-011-eur-germanywestcentral", "migrationStage":"NotStarted", "server":"akswtt00300001o"}}
{"logTime": "0115/203024", "correlationVector":"l1gclatc206g/ndK/rCflg.3","action":"Commit.Sessions", "result":"Success", "context":{"id":"96681f29-bc85-4fd5-8a4e-37553631de18", "isDeleted":"true", "size":"0", "version":"1736972909634"}}
{"logTime": "0115/203024", "correlationVector":"l1gclatc206g/ndK/rCflg.2","action":"Commit Response", "result":"Success", "context":Result: Success. cV=l1gclatc206g/ndK/rCflg.0;server=akswtt00300001o;cloudType=Consumer;environment=Prod_germanywestcentral_prod-s01-011-eur-germanywestcentral;migrationStage=NotStarted}
{"logTime": "0115/203054", "correlationVector":"073uoUiyFIzlrzyZdQRoGc","action":"Commit Request", "result":"", "context":Item count: 9
Contributing types: Sessions, History}
{"logTime": "0115/203055", "correlationVector":"073uoUiyFIzlrzyZdQRoGc.1","action":"SyncServerConnectionManagerRequest", "result":"SYNC_SERVER_OK", "context":{"environment":"Prod_germanywestcentral_prod-s01-011-eur-germanywestcentral", "migrationStage":"NotStarted", "server":"akswtt00300001i"}}
{"logTime": "0115/203055", "correlationVector":"073uoUiyFIzlrzyZdQRoGc.2","action":"Commit Response", "result":"Success", "context":Result: Success. cV=073uoUiyFIzlrzyZdQRoGc.0;server=akswtt00300001i;cloudType=Consumer;environment=Prod_germanywestcentral_prod-s01-011-eur-germanywestcentral;migrationStage=NotStarted}
{"logTime": "0115/203140", "correlationVector":"FtAucuKgcPhan3XcfWdGcx.1","action":"SyncServerConnectionManagerRequest", "result":"SYNC_SERVER_OK", "context":{"environment":"Prod_germanywestcentral_prod-s01-011-eur-germanywestcentral", "migrationStage":"NotStarted", "server":"akswtt003000000"}}
{"logTime": "0115/203141", "correlationVector":"O9XY60rn/zZS8ixFMCZz3b","action":"SyncServerConnectionManagerRequest", "result":"SYNC_SERVER_OK", "context":{"environment":"", "migrationStage":"", "server":""}}
{"logTime": "0115/203141", "correlationVector":"FtAucuKgcPhan3XcfWdGcx","action":"Initial GetUpdates", "result":"", "context":Reason: NEW_CLIENT. cV=FtAucuKgcPhan3XcfWdGcx}
{"logTime": "0115/203141", "correlationVector":"FtAucuKgcPhan3XcfWdGcx.2","action":"GetUpdates Response", "result":"Success", "context":Received 1 update(s). cV=FtAucuKgcPhan3XcfWdGcx.0;server=akswtt003000000;cloudType=Consumer;environment=Prod_germanywestcentral_prod-s01-011-eur-germanywestcentral;migrationStage=NotStarted}
{"logTime": "0115/203141", "correlationVector":"8LJ5lHtes0OmqiocvrEGbK","action":"Initial GetUpdates", "result":"", "context":Reason: NEWLY_SUPPORTED_DATATYPE. cV=8LJ5lHtes0OmqiocvrEGbK}
{"logTime": "0115/203141", "correlationVector":"8LJ5lHtes0OmqiocvrEGbK.1","action":"SyncServerConnectionManagerRequest", "result":"SYNC_SERVER_OK", "context":{"environment":"Prod_germanywestcentral_prod-s01-011-eur-germanywestcentral", "migrationStage":"NotStarted", "server":"akswtt003000020"}}
{"logTime": "0115/203141", "correlationVector":"8LJ5lHtes0OmqiocvrEGbK.2","action":"GetUpdates Response", "result":"Success", "context":Received 7 update(s). cV=8LJ5lHtes0OmqiocvrEGbK.0;server=akswtt003000020;cloudType=Consumer;environment=Prod_germanywestcentral_prod-s01-011-eur-germanywestcentral;migrationStage=NotStarted}
{"logTime": "0115/203141", "correlationVector":"yxfclW8O3TVqwsGjK9LU/6","action":"Normal GetUpdate request", "result":"", "context":cV=yxfclW8O3TVqwsGjK9LU/6
Nudged types: Sessions, History
Refresh requested types: Bookmarks, Preferences, Passwords, Autofill Profiles, Autofill, Extensions, Sessions, Extension settings, History Delete Directives, Device Info, User Consents, Send Tab To Self, Web Apps, History, Collection, Edge E Drop, Edge Hub App Usage, Edge Tab Group, Edge Wallet, Encryption Keys}
{"logTime": "0115/203142", "correlationVector":"yxfclW8O3TVqwsGjK9LU/6.1","action":"SyncServerConnectionManagerRequest", "result":"SYNC_SERVER_OK", "context":{"environment":"Prod_germanywestcentral_prod-s01-011-eur-germanywestcentral", "migrationStage":"NotStarted", "server":"akswtt003000022"}}
{"logTime": "0115/203142", "correlationVector":"yxfclW8O3TVqwsGjK9LU/6.2","action":"GetUpdates", "result":"DeleteReceived", "context":{"id":"96681f29-bc85-4fd5-8a4e-37553631de18", "isDeleted:":"true", "version":"1736973023815"}}
{"logTime": "0115/203142", "correlationVector":"yxfclW8O3TVqwsGjK9LU/6.3","action":"GetUpdates Response", "result":"Success", "context":Received 12 update(s). cV=yxfclW8O3TVqwsGjK9LU/6.0;server=akswtt003000022;cloudType=Consumer;environment=Prod_germanywestcentral_prod-s01-011-eur-germanywestcentral;migrationStage=NotStarted}
{"logTime": "0115/203142", "correlationVector":"WAnkfT3CZsdqfporKIG2jl","action":"Commit Request", "result":"", "context":Item count: 4
Contributing types: Sessions, History}
{"logTime": "0115/203142", "correlationVector":"WAnkfT3CZsdqfporKIG2jl.1","action":"SyncServerConnectionManagerRequest", "result":"SYNC_SERVER_OK", "context":{"environment":"Prod_germanywestcentral_prod-s01-011-eur-germanywestcentral", "migrationStage":"NotStarted", "server":"akswtt003000026"}}
{"logTime": "0115/203142", "correlationVector":"WAnkfT3CZsdqfporKIG2jl.3","action":"Commit.Sessions", "result":"Success", "context":{"id":"a25d5756-5626-4253-a433-82b106071afd", "isDeleted":"true", "size":"0", "version":"1736973054410"}}
{"logTime": "0115/203142", "correlationVector":"WAnkfT3CZsdqfporKIG2jl.2","action":"Commit Response", "result":"Success", "context":Result: Success. cV=WAnkfT3CZsdqfporKIG2jl.0;server=akswtt003000026;cloudType=Consumer;environment=Prod_germanywestcentral_prod-s01-011-eur-germanywestcentral;migrationStage=NotStarted}
{"logTime": "0115/203212", "correlationVector":"8l5lO6HalUUJdrZr98O44g","action":"Commit Request", "result":"", "context":Item count: 7
Contributing types: Sessions, History}
{"logTime": "0115/203213", "correlationVector":"8l5lO6HalUUJdrZr98O44g.1","action":"SyncServerConnectionManagerRequest", "result":"SYNC_SERVER_OK", "context":{"environment":"Prod_germanywestcentral_prod-s01-011-eur-germanywestcentral", "migrationStage":"NotStarted", "server":"akswtt00300001v"}}
{"logTime": "0115/203213", "correlationVector":"8l5lO6HalUUJdrZr98O44g.2","action":"Commit Response", "result":"Success", "context":Result: Success. cV=8l5lO6HalUUJdrZr98O44g.0;server=akswtt00300001v;cloudType=Consumer;environment=Prod_germanywestcentral_prod-s01-011-eur-germanywestcentral;migrationStage=NotStarted}
{"logTime": "0115/203248", "correlationVector":"8JBbgIZIfPgKXUOBDjRaqU","action":"Commit Request", "result":"", "context":Item count: 1
Contributing types: Preferences}
{"logTime": "0115/203249", "correlationVector":"8JBbgIZIfPgKXUOBDjRaqU.1","action":"SyncServerConnectionManagerRequest", "result":"SYNC_SERVER_OK", "context":{"environment":"Prod_germanywestcentral_prod-s01-011-eur-germanywestcentral", "migrationStage":"NotStarted", "server":"akswtt003000018"}}
{"logTime": "0115/203249", "correlationVector":"8JBbgIZIfPgKXUOBDjRaqU.2","action":"Commit Response", "result":"Success", "context":Result: Success. cV=8JBbgIZIfPgKXUOBDjRaqU.0;server=akswtt003000018;cloudType=Consumer;environment=Prod_germanywestcentral_prod-s01-011-eur-germanywestcentral;migrationStage=NotStarted}
{"logTime": "0116/050909", "correlationVector":"MwfnlYGtrmYaUPRivegt01.1","action":"SyncServerConnectionManagerRequest", "result":"SYNC_SERVER_OK", "context":{"environment":"Prod_germanywestcentral_prod-s01-011-eur-germanywestcentral", "migrationStage":"NotStarted", "server":"akswtt00300000a"}}
{"logTime": "0116/050910", "correlationVector":"VRL77PE7GIShIjTlfs7+iU","action":"SyncServerConnectionManagerRequest", "result":"SYNC_SERVER_OK", "context":{"environment":"", "migrationStage":"", "server":""}}
{"logTime": "0116/050910", "correlationVector":"MwfnlYGtrmYaUPRivegt01","action":"Initial GetUpdates", "result":"", "context":Reason: NEW_CLIENT. cV=MwfnlYGtrmYaUPRivegt01}
{"logTime": "0116/050910", "correlationVector":"MwfnlYGtrmYaUPRivegt01.2","action":"GetUpdates Response", "result":"Success", "context":Received 1 update(s). cV=MwfnlYGtrmYaUPRivegt01.0;server=akswtt00300000a;cloudType=Consumer;environment=Prod_germanywestcentral_prod-s01-011-eur-germanywestcentral;migrationStage=NotStarted}
{"logTime": "0116/050910", "correlationVector":"CESCFu0sYDcnUDjDK2GgdB","action":"Initial GetUpdates", "result":"", "context":Reason: NEWLY_SUPPORTED_DATATYPE. cV=CESCFu0sYDcnUDjDK2GgdB}
{"logTime": "0116/050910", "correlationVector":"CESCFu0sYDcnUDjDK2GgdB.1","action":"SyncServerConnectionManagerRequest", "result":"SYNC_SERVER_OK", "context":{"environment":"Prod_germanywestcentral_prod-s01-011-eur-germanywestcentral", "migrationStage":"NotStarted", "server":"akswtt00300001h"}}
{"logTime": "0116/050910", "correlationVector":"CESCFu0sYDcnUDjDK2GgdB.2","action":"GetUpdates Response", "result":"Success", "context":Received 7 update(s). cV=CESCFu0sYDcnUDjDK2GgdB.0;server=akswtt00300001h;cloudType=Consumer;environment=Prod_germanywestcentral_prod-s01-011-eur-germanywestcentral;migrationStage=NotStarted}
{"logTime": "0116/050910", "correlationVector":"8c0bzlooe7cBPr8/ciXzl1","action":"Normal GetUpdate request", "result":"", "context":cV=8c0bzlooe7cBPr8/ciXzl1
Nudged types: Sessions, History
Refresh requested types: Bookmarks, Preferences, Passwords, Autofill Profiles, Autofill, Extensions, Sessions, Extension settings, History Delete Directives, Device Info, User Consents, Send Tab To Self, Web Apps, History, Collection, Edge E Drop, Edge Hub App Usage, Edge Tab Group, Edge Wallet, Encryption Keys}
{"logTime": "0116/050911", "correlationVector":"8c0bzlooe7cBPr8/ciXzl1.1","action":"SyncServerConnectionManagerRequest", "result":"SYNC_SERVER_OK", "context":{"environment":"Prod_germanywestcentral_prod-s01-011-eur-germanywestcentral", "migrationStage":"NotStarted", "server":"akswtt00300001h"}}
{"logTime": "0116/050911", "correlationVector":"8c0bzlooe7cBPr8/ciXzl1.2","action":"GetUpdates", "result":"DeleteReceived", "context":{"id":"a25d5756-5626-4253-a433-82b106071afd", "isDeleted:":"true", "version":"1736973102170"}}
{"logTime": "0116/050911", "correlationVector":"8c0bzlooe7cBPr8/ciXzl1.3","action":"GetUpdates Response", "result":"Success", "context":Received 11 update(s). cV=8c0bzlooe7cBPr8/ciXzl1.0;server=akswtt00300001h;cloudType=Consumer;environment=Prod_germanywestcentral_prod-s01-011-eur-germanywestcentral;migrationStage=NotStarted}
{"logTime": "0116/050911", "correlationVector":"L7CjPf2E5Rxsf3xobfh8lh","action":"Commit Request", "result":"", "context":Item count: 4
Contributing types: Sessions, History}
{"logTime": "0116/050911", "correlationVector":"L7CjPf2E5Rxsf3xobfh8lh.1","action":"SyncServerConnectionManagerRequest", "result":"SYNC_SERVER_OK", "context":{"environment":"Prod_germanywestcentral_prod-s01-011-eur-germanywestcentral", "migrationStage":"NotStarted", "server":"akswtt00300000a"}}
{"logTime": "0116/050911", "correlationVector":"L7CjPf2E5Rxsf3xobfh8lh.3","action":"Commit.Sessions", "result":"Success", "context":{"id":"55a5fb75-e928-42b3-8d36-44e6abe5a215", "isDeleted":"true", "size":"0", "version":"1736973132833"}}
{"logTime": "0116/050911", "correlationVector":"L7CjPf2E5Rxsf3xobfh8lh.2","action":"Commit Response", "result":"Success", "context":Result: Success. cV=L7CjPf2E5Rxsf3xobfh8lh.0;server=akswtt00300000a;cloudType=Consumer;environment=Prod_germanywestcentral_prod-s01-011-eur-germanywestcentral;migrationStage=NotStarted}
{"logTime": "0116/050911", "correlationVector":"JVqQwnkR008cPbhRHpkfaZ","action":"Poll GetUpdate request", "result":"", "context":cV=JVqQwnkR008cPbhRHpkfaZ}
{"logTime": "0116/050912", "correlationVector":"JVqQwnkR008cPbhRHpkfaZ.1","action":"SyncServerConnectionManagerRequest", "result":"SYNC_SERVER_OK", "context":{"environment":"Prod_germanywestcentral_prod-s01-011-eur-germanywestcentral", "migrationStage":"NotStarted", "server":"akswtt00300000j"}}
{"logTime": "0116/050912", "correlationVector":"JVqQwnkR008cPbhRHpkfaZ.2","action":"GetUpdates", "result":"DeleteReceived", "context":{"id":"55a5fb75-e928-42b3-8d36-44e6abe5a215", "isDeleted:":"true", "version":"1737004150639"}}
{"logTime": "0116/050912", "correlationVector":"JVqQwnkR008cPbhRHpkfaZ.3","action":"GetUpdates Response", "result":"Success", "context":Received 4 update(s). cV=JVqQwnkR008cPbhRHpkfaZ.0;server=akswtt00300000j;cloudType=Consumer;environment=Prod_germanywestcentral_prod-s01-011-eur-germanywestcentral;migrationStage=NotStarted}
{"logTime": "0116/051222", "correlationVector":"SQZt+bFrn/PN4Az9l1e1es.1","action":"SyncServerConnectionManagerRequest", "result":"SYNC_SERVER_OK", "context":{"environment":"Prod_germanywestcentral_prod-s01-011-eur-germanywestcentral", "migrationStage":"NotStarted", "server":"akswtt003000003"}}
{"logTime": "0116/051224", "correlationVector":"Bm6adqpBbL5s2tr2C9HKnW","action":"SyncServerConnectionManagerRequest", "result":"SYNC_SERVER_OK", "context":{"environment":"", "migrationStage":"", "server":""}}
{"logTime": "0116/051224", "correlationVector":"SQZt+bFrn/PN4Az9l1e1es","action":"Initial GetUpdates", "result":"", "context":Reason: NEW_CLIENT. cV=SQZt+bFrn/PN4Az9l1e1es}
{"logTime": "0116/051224", "correlationVector":"SQZt+bFrn/PN4Az9l1e1es.2","action":"GetUpdates Response", "result":"Success", "context":Received 1 update(s). cV=SQZt+bFrn/PN4Az9l1e1es.0;server=akswtt003000003;cloudType=Consumer;environment=Prod_germanywestcentral_prod-s01-011-eur-germanywestcentral;migrationStage=NotStarted}
{"logTime": "0116/051224", "correlationVector":"PGJys1AwIJlsJuD7NmOqst","action":"Initial GetUpdates", "result":"", "context":Reason: NEWLY_SUPPORTED_DATATYPE. cV=PGJys1AwIJlsJuD7NmOqst}
{"logTime": "0116/051224", "correlationVector":"PGJys1AwIJlsJuD7NmOqst.1","action":"SyncServerConnectionManagerRequest", "result":"SYNC_SERVER_OK", "context":{"environment":"Prod_germanywestcentral_prod-s01-011-eur-germanywestcentral", "migrationStage":"NotStarted", "server":"akswtt003000010"}}
{"logTime": "0116/051224", "correlationVector":"PGJys1AwIJlsJuD7NmOqst.2","action":"GetUpdates Response", "result":"Success", "context":Received 7 update(s). cV=PGJys1AwIJlsJuD7NmOqst.0;server=akswtt003000010;cloudType=Consumer;environment=Prod_germanywestcentral_prod-s01-011-eur-germanywestcentral;migrationStage=NotStarted}
{"logTime": "0116/051224", "correlationVector":"8Bfg4JBmlIh5mpaXtktxi8","action":"Normal GetUpdate request", "result":"", "context":cV=8Bfg4JBmlIh5mpaXtktxi8
Nudged types: Sessions, History
Refresh requested types: Bookmarks, Preferences, Passwords, Autofill Profiles, Autofill, Extensions, Sessions, Extension settings, History Delete Directives, Device Info, User Consents, Send Tab To Self, Web Apps, History, Collection, Edge E Drop, Edge Hub App Usage, Edge Tab Group, Edge Wallet, Encryption Keys}
{"logTime": "0116/051224", "correlationVector":"8Bfg4JBmlIh5mpaXtktxi8.1","action":"SyncServerConnectionManagerRequest", "result":"SYNC_SERVER_OK", "context":{"environment":"Prod_germanywestcentral_prod-s01-011-eur-germanywestcentral", "migrationStage":"NotStarted", "server":"akswtt00300000e"}}
{"logTime": "0116/051224", "correlationVector":"8Bfg4JBmlIh5mpaXtktxi8.2","action":"GetUpdates Response", "result":"Success", "context":Received 0 update(s). cV=8Bfg4JBmlIh5mpaXtktxi8.0;server=akswtt00300000e;cloudType=Consumer;environment=Prod_germanywestcentral_prod-s01-011-eur-germanywestcentral;migrationStage=NotStarted}
{"logTime": "0116/051224", "correlationVector":"SgfFkNxqceRLTeYE72PPq4","action":"Commit Request", "result":"", "context":Item count: 9
Contributing types: Sessions, History}
{"logTime": "0116/051225", "correlationVector":"SgfFkNxqceRLTeYE72PPq4.1","action":"SyncServerConnectionManagerRequest", "result":"SYNC_SERVER_OK", "context":{"environment":"Prod_germanywestcentral_prod-s01-011-eur-germanywestcentral", "migrationStage":"NotStarted", "server":"akswtt00300001a"}}
{"logTime": "0116/051225", "correlationVector":"SgfFkNxqceRLTeYE72PPq4.2","action":"Commit Response", "result":"Success", "context":Result: Success. cV=SgfFkNxqceRLTeYE72PPq4.0;server=akswtt00300001a;cloudType=Consumer;environment=Prod_germanywestcentral_prod-s01-011-eur-germanywestcentral;migrationStage=NotStarted}
{"logTime": "0116/051233", "correlationVector":"seEjMgH47TgLA46gCw/3M2","action":"Commit Request", "result":"", "context":Item count: 9
Contributing types: Preferences, Sessions, History}
{"logTime": "0116/051233", "correlationVector":"seEjMgH47TgLA46gCw/3M2.1","action":"SyncServerConnectionManagerRequest", "result":"SYNC_SERVER_OK", "context":{"environment":"Prod_germanywestcentral_prod-s01-011-eur-germanywestcentral", "migrationStage":"NotStarted", "server":"akswtt00300000e"}}
{"logTime": "0116/051233", "correlationVector":"seEjMgH47TgLA46gCw/3M2.2","action":"Commit Response", "result":"Success", "context":Result: Success. cV=seEjMgH47TgLA46gCw/3M2.0;server=akswtt00300000e;cloudType=Consumer;environment=Prod_germanywestcentral_prod-s01-011-eur-germanywestcentral;migrationStage=NotStarted}
{"logTime": "0116/051233", "correlationVector":"seEjMgH47TgLA46gCw/3M2.3","action":"Commit.Sessions", "result":"Success", "context":{"id":"d540486e-3b9a-4f19-89c5-2ae0f0d926d3", "isDeleted":"true", "size":"0", "version":"1737004344072"}}
{"logTime": "0116/051721", "correlationVector":"TMz/Vi9o1pYJwvexhHNTMA","action":"Normal GetUpdate request", "result":"", "context":cV=TMz/Vi9o1pYJwvexhHNTMA
Refresh requested types: Bookmarks, Preferences, Passwords, Autofill Profiles, Autofill, Extensions, Sessions, Extension settings, History Delete Directives, Device Info, User Consents, Send Tab To Self, Web Apps, History, Collection, Edge E Drop, Edge Hub App Usage, Edge Tab Group, Edge Wallet, Encryption Keys}
{"logTime": "0116/051722", "correlationVector":"TMz/Vi9o1pYJwvexhHNTMA.1","action":"SyncServerConnectionManagerRequest", "result":"SYNC_SERVER_OK", "context":{"environment":"Prod_germanywestcentral_prod-s01-011-eur-germanywestcentral", "migrationStage":"NotStarted", "server":"akswtt00300001x"}}
{"logTime": "0116/051722", "correlationVector":"TMz/Vi9o1pYJwvexhHNTMA.2","action":"GetUpdates", "result":"DeleteReceived", "context":{"id":"d540486e-3b9a-4f19-89c5-2ae0f0d926d3", "isDeleted:":"true", "version":"1737004352575"}}
{"logTime": "0116/051722", "correlationVector":"TMz/Vi9o1pYJwvexhHNTMA.3","action":"GetUpdates Response", "result":"Success", "context":Received 16 update(s). cV=TMz/Vi9o1pYJwvexhHNTMA.0;server=akswtt00300001x;cloudType=Consumer;environment=Prod_germanywestcentral_prod-s01-011-eur-germanywestcentral;migrationStage=NotStarted}
{"logTime": "0116/052618", "correlationVector":"tev1DjBwQo4g3OaxNJvOj+","action":"Commit Request", "result":"", "context":Item count: 1
Contributing types: Sessions}
{"logTime": "0116/052619", "correlationVector":"tev1DjBwQo4g3OaxNJvOj+.1","action":"SyncServerConnectionManagerRequest", "result":"SYNC_SERVER_OK", "context":{"environment":"Prod_germanywestcentral_prod-s01-010-eur-germanywestcentral", "migrationStage":"NotStarted", "server":"akswtt00300000n"}}
{"logTime": "0116/052619", "correlationVector":"tev1DjBwQo4g3OaxNJvOj+.2","action":"Commit Response", "result":"Success", "context":Result: Success. cV=tev1DjBwQo4g3OaxNJvOj+.0;server=akswtt00300000n;cloudType=Consumer;environment=Prod_germanywestcentral_prod-s01-010-eur-germanywestcentral;migrationStage=NotStarted}
{"logTime": "0116/054004", "correlationVector":"YqIV8fGXhBhMcVayYdiMt0.1","action":"SyncServerConnectionManagerRequest", "result":"SYNC_SERVER_OK", "context":{"environment":"Prod_germanywestcentral_prod-s01-011-eur-germanywestcentral", "migrationStage":"NotStarted", "server":"akswtt00300000y"}}
{"logTime": "0116/054005", "correlationVector":"Pin1L0wJJczTqrSm7yvzJ7","action":"SyncServerConnectionManagerRequest", "result":"SYNC_SERVER_OK", "context":{"environment":"", "migrationStage":"", "server":""}}
{"logTime": "0116/054005", "correlationVector":"YqIV8fGXhBhMcVayYdiMt0","action":"Initial GetUpdates", "result":"", "context":Reason: NEW_CLIENT. cV=YqIV8fGXhBhMcVayYdiMt0}
{"logTime": "0116/054005", "correlationVector":"YqIV8fGXhBhMcVayYdiMt0.2","action":"GetUpdates Response", "result":"Success", "context":Received 1 update(s). cV=YqIV8fGXhBhMcVayYdiMt0.0;server=akswtt00300000y;cloudType=Consumer;environment=Prod_germanywestcentral_prod-s01-011-eur-germanywestcentral;migrationStage=NotStarted}
{"logTime": "0116/054005", "correlationVector":"EyA6NrDIseJANiQXNSEOGl","action":"Initial GetUpdates", "result":"", "context":Reason: NEWLY_SUPPORTED_DATATYPE. cV=EyA6NrDIseJANiQXNSEOGl}
{"logTime": "0116/054006", "correlationVector":"EyA6NrDIseJANiQXNSEOGl.1","action":"SyncServerConnectionManagerRequest", "result":"SYNC_SERVER_OK", "context":{"environment":"Prod_germanywestcentral_prod-s01-011-eur-germanywestcentral", "migrationStage":"NotStarted", "server":"akswtt003000021"}}
{"logTime": "0116/054006", "correlationVector":"EyA6NrDIseJANiQXNSEOGl.2","action":"GetUpdates Response", "result":"Success", "context":Received 7 update(s). cV=EyA6NrDIseJANiQXNSEOGl.0;server=akswtt003000021;cloudType=Consumer;environment=Prod_germanywestcentral_prod-s01-011-eur-germanywestcentral;migrationStage=NotStarted}
{"logTime": "0116/054006", "correlationVector":"atcYZQhtEj3gZ8oo3PPG+k","action":"Normal GetUpdate request", "result":"", "context":cV=atcYZQhtEj3gZ8oo3PPG+k
Nudged types: Sessions, History
Refresh requested types: Bookmarks, Preferences, Passwords, Autofill Profiles, Autofill, Extensions, Sessions, Extension settings, History Delete Directives, Device Info, User Consents, Send Tab To Self, Web Apps, History, Collection, Edge E Drop, Edge Hub App Usage, Edge Tab Group, Edge Wallet, Encryption Keys}
{"logTime": "0116/054006", "correlationVector":"atcYZQhtEj3gZ8oo3PPG+k.1","action":"SyncServerConnectionManagerRequest", "result":"SYNC_SERVER_OK", "context":{"environment":"Prod_germanywestcentral_prod-s01-011-eur-germanywestcentral", "migrationStage":"NotStarted", "server":"akswtt00300000y"}}
{"logTime": "0116/054006", "correlationVector":"atcYZQhtEj3gZ8oo3PPG+k.2","action":"GetUpdates Response", "result":"Success", "context":Received 14 update(s). cV=atcYZQhtEj3gZ8oo3PPG+k.0;server=akswtt00300000y;cloudType=Consumer;environment=Prod_germanywestcentral_prod-s01-011-eur-germanywestcentral;migrationStage=NotStarted}
{"logTime": "0116/054006", "correlationVector":"vI7EFO2snX87n8Su4QxZR/","action":"Commit Request", "result":"", "context":Item count: 4
Contributing types: Sessions, History}
{"logTime": "0116/054006", "correlationVector":"vI7EFO2snX87n8Su4QxZR/.1","action":"SyncServerConnectionManagerRequest", "result":"SYNC_SERVER_OK", "context":{"environment":"Prod_germanywestcentral_prod-s01-011-eur-germanywestcentral", "migrationStage":"NotStarted", "server":"akswtt003000008"}}
{"logTime": "0116/054006", "correlationVector":"vI7EFO2snX87n8Su4QxZR/.2","action":"Commit Response", "result":"Success", "context":Result: Success. cV=vI7EFO2snX87n8Su4QxZR/.0;server=akswtt003000008;cloudType=Consumer;environment=Prod_germanywestcentral_prod-s01-011-eur-germanywestcentral;migrationStage=NotStarted}
{"logTime": "0116/054029", "correlationVector":"P98BC2sJuRWcXkqgDk2T4t","action":"Commit Request", "result":"", "context":Item count: 9
Contributing types: Preferences, Sessions, History}
{"logTime": "0116/054030", "correlationVector":"P98BC2sJuRWcXkqgDk2T4t.1","action":"SyncServerConnectionManagerRequest", "result":"SYNC_SERVER_OK", "context":{"environment":"Prod_germanywestcentral_prod-s01-011-eur-germanywestcentral", "migrationStage":"NotStarted", "server":"akswtt00300001y"}}
{"logTime": "0116/054030", "correlationVector":"P98BC2sJuRWcXkqgDk2T4t.3","action":"Commit.Sessions", "result":"Success", "context":{"id":"bd3eb6c8-bc81-4326-b8c0-acc41c6f735f", "isDeleted":"true", "size":"0", "version":"1737006005703"}}
{"logTime": "0116/054030", "correlationVector":"P98BC2sJuRWcXkqgDk2T4t.2","action":"Commit Response", "result":"Success", "context":Result: Success. cV=P98BC2sJuRWcXkqgDk2T4t.0;server=akswtt00300001y;cloudType=Consumer;environment=Prod_germanywestcentral_prod-s01-011-eur-germanywestcentral;migrationStage=NotStarted}
{"logTime": "0116/054110", "correlationVector":"zrPtxTyY9JsDglPd+abVaS","action":"Commit Request", "result":"", "context":Item count: 7
Contributing types: Sessions, History}
{"logTime": "0116/054111", "correlationVector":"zrPtxTyY9JsDglPd+abVaS.1","action":"SyncServerConnectionManagerRequest", "result":"SYNC_SERVER_OK", "context":{"environment":"Prod_germanywestcentral_prod-s01-011-eur-germanywestcentral", "migrationStage":"NotStarted", "server":"akswtt00300000j"}}
{"logTime": "0116/054111", "correlationVector":"zrPtxTyY9JsDglPd+abVaS.2","action":"Commit Response", "result":"Success", "context":Result: Success. cV=zrPtxTyY9JsDglPd+abVaS.0;server=akswtt00300000j;cloudType=Consumer;environment=Prod_germanywestcentral_prod-s01-011-eur-germanywestcentral;migrationStage=NotStarted}
{"logTime": "0116/054305", "correlationVector":"6HRZnJ773Y7Uswpq2IFUtw.1","action":"SyncServerConnectionManagerRequest", "result":"SYNC_SERVER_OK", "context":{"environment":"Prod_germanywestcentral_prod-s01-011-eur-germanywestcentral", "migrationStage":"NotStarted", "server":"akswtt00300001b"}}
{"logTime": "0116/054306", "correlationVector":"tZnOgNvW3cDLxI7VjOmcej","action":"SyncServerConnectionManagerRequest", "result":"SYNC_SERVER_OK", "context":{"environment":"", "migrationStage":"", "server":""}}
{"logTime": "0116/054306", "correlationVector":"6HRZnJ773Y7Uswpq2IFUtw","action":"Initial GetUpdates", "result":"", "context":Reason: NEW_CLIENT. cV=6HRZnJ773Y7Uswpq2IFUtw}
{"logTime": "0116/054306", "correlationVector":"6HRZnJ773Y7Uswpq2IFUtw.2","action":"GetUpdates Response", "result":"Success", "context":Received 1 update(s). cV=6HRZnJ773Y7Uswpq2IFUtw.0;server=akswtt00300001b;cloudType=Consumer;environment=Prod_germanywestcentral_prod-s01-011-eur-germanywestcentral;migrationStage=NotStarted}
{"logTime": "0116/054306", "correlationVector":"vub0gF4/0mTRhiQlWchY7y","action":"Initial GetUpdates", "result":"", "context":Reason: NEWLY_SUPPORTED_DATATYPE. cV=vub0gF4/0mTRhiQlWchY7y}
{"logTime": "0116/054307", "correlationVector":"vub0gF4/0mTRhiQlWchY7y.1","action":"SyncServerConnectionManagerRequest", "result":"SYNC_SERVER_OK", "context":{"environment":"Prod_germanywestcentral_prod-s01-011-eur-germanywestcentral", "migrationStage":"NotStarted", "server":"akswtt00300001b"}}
{"logTime": "0116/054307", "correlationVector":"vub0gF4/0mTRhiQlWchY7y.2","action":"GetUpdates Response", "result":"Success", "context":Received 7 update(s). cV=vub0gF4/0mTRhiQlWchY7y.0;server=akswtt00300001b;cloudType=Consumer;environment=Prod_germanywestcentral_prod-s01-011-eur-germanywestcentral;migrationStage=NotStarted}
{"logTime": "0116/054307", "correlationVector":"P6yatUL/j3WspAuWDEX83d","action":"Normal GetUpdate request", "result":"", "context":cV=P6yatUL/j3WspAuWDEX83d
Nudged types: Sessions, History
Refresh requested types: Bookmarks, Preferences, Passwords, Autofill Profiles, Autofill, Extensions, Sessions, Extension settings, History Delete Directives, Device Info, User Consents, Send Tab To Self, Web Apps, History, Collection, Edge E Drop, Edge Hub App Usage, Edge Tab Group, Edge Wallet, Encryption Keys}
{"logTime": "0116/054307", "correlationVector":"P6yatUL/j3WspAuWDEX83d.1","action":"SyncServerConnectionManagerRequest", "result":"SYNC_SERVER_OK", "context":{"environment":"Prod_germanywestcentral_prod-s01-011-eur-germanywestcentral", "migrationStage":"NotStarted", "server":"akswtt00300000n"}}
{"logTime": "0116/054307", "correlationVector":"P6yatUL/j3WspAuWDEX83d.2","action":"GetUpdates", "result":"DeleteReceived", "context":{"id":"bd3eb6c8-bc81-4326-b8c0-acc41c6f735f", "isDeleted:":"true", "version":"1737006028754"}}
{"logTime": "0116/054307", "correlationVector":"P6yatUL/j3WspAuWDEX83d.3","action":"GetUpdates Response", "result":"Success", "context":Received 16 update(s). cV=P6yatUL/j3WspAuWDEX83d.0;server=akswtt00300000n;cloudType=Consumer;environment=Prod_germanywestcentral_prod-s01-011-eur-germanywestcentral;migrationStage=NotStarted}
{"logTime": "0116/054307", "correlationVector":"D+sN6m/DEcpQsSLAgWEj4J","action":"Commit Request", "result":"", "context":Item count: 7
Contributing types: Sessions, History}
{"logTime": "0116/054308", "correlationVector":"D+sN6m/DEcpQsSLAgWEj4J.1","action":"SyncServerConnectionManagerRequest", "result":"SYNC_SERVER_OK", "context":{"environment":"Prod_germanywestcentral_prod-s01-011-eur-germanywestcentral", "migrationStage":"NotStarted", "server":"akswtt00300000n"}}
{"logTime": "0116/054308", "correlationVector":"D+sN6m/DEcpQsSLAgWEj4J.2","action":"Commit Response", "result":"Success", "context":Result: Success. cV=D+sN6m/DEcpQsSLAgWEj4J.0;server=akswtt00300000n;cloudType=Consumer;environment=Prod_germanywestcentral_prod-s01-011-eur-germanywestcentral;migrationStage=NotStarted}
{"logTime": "0116/054338", "correlationVector":"TlDiz5NnB1+Q/zIDesmnXD","action":"Commit Request", "result":"", "context":Item count: 12
Contributing types: Sessions, History}
{"logTime": "0116/054339", "correlationVector":"TlDiz5NnB1+Q/zIDesmnXD.1","action":"SyncServerConnectionManagerRequest", "result":"SYNC_SERVER_OK", "context":{"environment":"Prod_germanywestcentral_prod-s01-010-eur-germanywestcentral", "migrationStage":"NotStarted", "server":"akswtt00300001t"}}
{"logTime": "0116/054339", "correlationVector":"TlDiz5NnB1+Q/zIDesmnXD.3","action":"Commit.Sessions", "result":"Success", "context":{"id":"abdc5737-762b-440d-97f3-fe334b24d3cc", "isDeleted":"true", "size":"0", "version":"1737006187009"}}
{"logTime": "0116/054339", "correlationVector":"TlDiz5NnB1+Q/zIDesmnXD.2","action":"Commit Response", "result":"Success", "context":Result: Success. cV=TlDiz5NnB1+Q/zIDesmnXD.0;server=akswtt00300001t;cloudType=Consumer;environment=Prod_germanywestcentral_prod-s01-010-eur-germanywestcentral;migrationStage=NotStarted}
{"logTime": "0116/054342", "correlationVector":"Maf3ghcrbcCbImtoHQLTi7","action":"Commit Request", "result":"", "context":Item count: 1
Contributing types: Preferences}
{"logTime": "0116/054342", "correlationVector":"Maf3ghcrbcCbImtoHQLTi7.1","action":"SyncServerConnectionManagerRequest", "result":"SYNC_SERVER_OK", "context":{"environment":"Prod_germanywestcentral_prod-s01-010-eur-germanywestcentral", "migrationStage":"NotStarted", "server":"akswtt00300001t"}}
{"logTime": "0116/054342", "correlationVector":"Maf3ghcrbcCbImtoHQLTi7.2","action":"Commit Response", "result":"Success", "context":Result: Success. cV=Maf3ghcrbcCbImtoHQLTi7.0;server=akswtt00300001t;cloudType=Consumer;environment=Prod_germanywestcentral_prod-s01-010-eur-germanywestcentral;migrationStage=NotStarted}
{"logTime": "0116/055903", "correlationVector":"LecmkAi3hLkHFW4tlCLdDS.1","action":"SyncServerConnectionManagerRequest", "result":"SYNC_SERVER_OK", "context":{"environment":"Prod_germanywestcentral_prod-s01-011-eur-germanywestcentral", "migrationStage":"NotStarted", "server":"akswtt00300000k"}}
{"logTime": "0116/055904", "correlationVector":"XR6D3wuykdi+Xs8ozUPjd8","action":"SyncServerConnectionManagerRequest", "result":"SYNC_SERVER_OK", "context":{"environment":"", "migrationStage":"", "server":""}}
{"logTime": "0116/055904", "correlationVector":"LecmkAi3hLkHFW4tlCLdDS","action":"Initial GetUpdates", "result":"", "context":Reason: NEW_CLIENT. cV=LecmkAi3hLkHFW4tlCLdDS}
{"logTime": "0116/055904", "correlationVector":"LecmkAi3hLkHFW4tlCLdDS.2","action":"GetUpdates Response", "result":"Success", "context":Received 1 update(s). cV=LecmkAi3hLkHFW4tlCLdDS.0;server=akswtt00300000k;cloudType=Consumer;environment=Prod_germanywestcentral_prod-s01-011-eur-germanywestcentral;migrationStage=NotStarted}
{"logTime": "0116/055904", "correlationVector":"SA5P9kjRzb6ol15Y0oeMX6","action":"Initial GetUpdates", "result":"", "context":Reason: NEWLY_SUPPORTED_DATATYPE. cV=SA5P9kjRzb6ol15Y0oeMX6}
{"logTime": "0116/055904", "correlationVector":"SA5P9kjRzb6ol15Y0oeMX6.1","action":"SyncServerConnectionManagerRequest", "result":"SYNC_SERVER_OK", "context":{"environment":"Prod_germanywestcentral_prod-s01-011-eur-germanywestcentral", "migrationStage":"NotStarted", "server":"akswtt00300002p"}}
{"logTime": "0116/055904", "correlationVector":"SA5P9kjRzb6ol15Y0oeMX6.2","action":"GetUpdates Response", "result":"Success", "context":Received 7 update(s). cV=SA5P9kjRzb6ol15Y0oeMX6.0;server=akswtt00300002p;cloudType=Consumer;environment=Prod_germanywestcentral_prod-s01-011-eur-germanywestcentral;migrationStage=NotStarted}
{"logTime": "0116/055904", "correlationVector":"zNRnf1zwnJVpTwpniMVBo3","action":"Normal GetUpdate request", "result":"", "context":cV=zNRnf1zwnJVpTwpniMVBo3
Nudged types: Sessions, History
Refresh requested types: Bookmarks, Preferences, Passwords, Autofill Profiles, Autofill, Extensions, Sessions, Extension settings, History Delete Directives, Device Info, User Consents, Send Tab To Self, Web Apps, History, Collection, Edge E Drop, Edge Hub App Usage, Edge Tab Group, Edge Wallet, Encryption Keys}
{"logTime": "0116/055904", "correlationVector":"zNRnf1zwnJVpTwpniMVBo3.1","action":"SyncServerConnectionManagerRequest", "result":"SYNC_SERVER_OK", "context":{"environment":"Prod_germanywestcentral_prod-s01-011-eur-germanywestcentral", "migrationStage":"NotStarted", "server":"akswtt00300001x"}}
{"logTime": "0116/055904", "correlationVector":"zNRnf1zwnJVpTwpniMVBo3.2","action":"GetUpdates", "result":"DeleteReceived", "context":{"id":"abdc5737-762b-440d-97f3-fe334b24d3cc", "isDeleted:":"true", "version":"1737006217597"}}
{"logTime": "0116/055904", "correlationVector":"zNRnf1zwnJVpTwpniMVBo3.3","action":"GetUpdates Response", "result":"Success", "context":Received 18 update(s). cV=zNRnf1zwnJVpTwpniMVBo3.0;server=akswtt00300001x;cloudType=Consumer;environment=Prod_germanywestcentral_prod-s01-011-eur-germanywestcentral;migrationStage=NotStarted}
{"logTime": "0116/055904", "correlationVector":"gRb5Sk80aJbOsxwZpaBk90","action":"Commit Request", "result":"", "context":Item count: 8
Contributing types: Sessions, History}
{"logTime": "0116/055905", "correlationVector":"gRb5Sk80aJbOsxwZpaBk90.1","action":"SyncServerConnectionManagerRequest", "result":"SYNC_SERVER_OK", "context":{"environment":"Prod_germanywestcentral_prod-s01-011-eur-germanywestcentral", "migrationStage":"NotStarted", "server":"akswtt00300002p"}}
{"logTime": "0116/055905", "correlationVector":"gRb5Sk80aJbOsxwZpaBk90.3","action":"Commit.Sessions", "result":"Success", "context":{"id":"341f90d7-7468-474a-9611-f56abb8e4ae2", "isDeleted":"true", "size":"0", "version":"1737006217596"}}
{"logTime": "0116/055905", "correlationVector":"gRb5Sk80aJbOsxwZpaBk90.2","action":"Commit Response", "result":"Success", "context":Result: Success. cV=gRb5Sk80aJbOsxwZpaBk90.0;server=akswtt00300002p;cloudType=Consumer;environment=Prod_germanywestcentral_prod-s01-011-eur-germanywestcentral;migrationStage=NotStarted}
{"logTime": "0116/055935", "correlationVector":"MEdrzQC5IaWRo4PX6XR5c2","action":"Commit Request", "result":"", "context":Item count: 8
Contributing types: Sessions, History}
{"logTime": "0116/055936", "correlationVector":"MEdrzQC5IaWRo4PX6XR5c2.1","action":"SyncServerConnectionManagerRequest", "result":"SYNC_SERVER_OK", "context":{"environment":"Prod_germanywestcentral_prod-s01-011-eur-germanywestcentral", "migrationStage":"NotStarted", "server":"akswtt00300003f"}}
{"logTime": "0116/055936", "correlationVector":"MEdrzQC5IaWRo4PX6XR5c2.2","action":"Commit Response", "result":"Success", "context":Result: Success. cV=MEdrzQC5IaWRo4PX6XR5c2.0;server=akswtt00300003f;cloudType=Consumer;environment=Prod_germanywestcentral_prod-s01-011-eur-germanywestcentral;migrationStage=NotStarted}
{"logTime": "0116/055949", "correlationVector":"CYih4btX5pKZNJ0t/sBUOI","action":"Commit Request", "result":"", "context":Item count: 4
Contributing types: Preferences, Sessions, History}
{"logTime": "0116/055949", "correlationVector":"CYih4btX5pKZNJ0t/sBUOI.1","action":"SyncServerConnectionManagerRequest", "result":"SYNC_SERVER_OK", "context":{"environment":"Prod_germanywestcentral_prod-s01-011-eur-germanywestcentral", "migrationStage":"NotStarted", "server":"akswtt00300000m"}}
{"logTime": "0116/055949", "correlationVector":"CYih4btX5pKZNJ0t/sBUOI.2","action":"Commit Response", "result":"Success", "context":Result: Success. cV=CYih4btX5pKZNJ0t/sBUOI.0;server=akswtt00300000m;cloudType=Consumer;environment=Prod_germanywestcentral_prod-s01-011-eur-germanywestcentral;migrationStage=NotStarted}
{"logTime": "0116/060019", "correlationVector":"TediRabO/tz+Nnelvy5mkF","action":"Commit Request", "result":"", "context":Item count: 8
Contributing types: Sessions, History}
{"logTime": "0116/060020", "correlationVector":"TediRabO/tz+Nnelvy5mkF.1","action":"SyncServerConnectionManagerRequest", "result":"SYNC_SERVER_OK", "context":{"environment":"Prod_germanywestcentral_prod-s01-011-eur-germanywestcentral", "migrationStage":"NotStarted", "server":"akswtt00300001z"}}
{"logTime": "0116/060020", "correlationVector":"TediRabO/tz+Nnelvy5mkF.2","action":"Commit Response", "result":"Success", "context":Result: Success. cV=TediRabO/tz+Nnelvy5mkF.0;server=akswtt00300001z;cloudType=Consumer;environment=Prod_germanywestcentral_prod-s01-011-eur-germanywestcentral;migrationStage=NotStarted}
{"logTime": "0116/075244", "correlationVector":"kQ9Cf3hvH5AA5fGuJizwU/.1","action":"SyncServerConnectionManagerRequest", "result":"SYNC_SERVER_OK", "context":{"environment":"Prod_germanywestcentral_prod-s01-010-eur-germanywestcentral", "migrationStage":"NotStarted", "server":"akswtt003000005"}}
{"logTime": "0116/075245", "correlationVector":"9lMmHTCTK2Gv99KisVJbx/","action":"SyncServerConnectionManagerRequest", "result":"SYNC_SERVER_OK", "context":{"environment":"", "migrationStage":"", "server":""}}
{"logTime": "0116/075245", "correlationVector":"kQ9Cf3hvH5AA5fGuJizwU/","action":"Initial GetUpdates", "result":"", "context":Reason: NEW_CLIENT. cV=kQ9Cf3hvH5AA5fGuJizwU/}
{"logTime": "0116/075245", "correlationVector":"kQ9Cf3hvH5AA5fGuJizwU/.2","action":"GetUpdates Response", "result":"Success", "context":Received 1 update(s). cV=kQ9Cf3hvH5AA5fGuJizwU/.0;server=akswtt003000005;cloudType=Consumer;environment=Prod_germanywestcentral_prod-s01-010-eur-germanywestcentral;migrationStage=NotStarted}
{"logTime": "0116/075245", "correlationVector":"zwId2ij2n5OfSA1y1uoQ9n","action":"Initial GetUpdates", "result":"", "context":Reason: NEWLY_SUPPORTED_DATATYPE. cV=zwId2ij2n5OfSA1y1uoQ9n}
{"logTime": "0116/075245", "correlationVector":"zwId2ij2n5OfSA1y1uoQ9n.1","action":"SyncServerConnectionManagerRequest", "result":"SYNC_SERVER_OK", "context":{"environment":"Prod_germanywestcentral_prod-s01-010-eur-germanywestcentral", "migrationStage":"NotStarted", "server":"akswtt003000023"}}
{"logTime": "0116/075245", "correlationVector":"zwId2ij2n5OfSA1y1uoQ9n.2","action":"GetUpdates Response", "result":"Success", "context":Received 7 update(s). cV=zwId2ij2n5OfSA1y1uoQ9n.0;server=akswtt003000023;cloudType=Consumer;environment=Prod_germanywestcentral_prod-s01-010-eur-germanywestcentral;migrationStage=NotStarted}
{"logTime": "0116/075245", "correlationVector":"Uneda1Ehm8sjaiO6NgAlVx","action":"Normal GetUpdate request", "result":"", "context":cV=Uneda1Ehm8sjaiO6NgAlVx
Nudged types: Sessions, History
Refresh requested types: Bookmarks, Preferences, Passwords, Autofill Profiles, Autofill, Extensions, Sessions, Extension settings, History Delete Directives, Device Info, User Consents, Send Tab To Self, Web Apps, History, Collection, Edge E Drop, Edge Hub App Usage, Edge Tab Group, Edge Wallet, Encryption Keys}
{"logTime": "0116/075246", "correlationVector":"Uneda1Ehm8sjaiO6NgAlVx.1","action":"SyncServerConnectionManagerRequest", "result":"SYNC_SERVER_OK", "context":{"environment":"Prod_germanywestcentral_prod-s01-010-eur-germanywestcentral", "migrationStage":"NotStarted", "server":"akswtt00300000l"}}
{"logTime": "0116/075246", "correlationVector":"Uneda1Ehm8sjaiO6NgAlVx.2","action":"GetUpdates", "result":"DeleteReceived", "context":{"id":"341f90d7-7468-474a-9611-f56abb8e4ae2", "isDeleted:":"true", "version":"1737007144180"}}
{"logTime": "0116/075246", "correlationVector":"Uneda1Ehm8sjaiO6NgAlVx.3","action":"GetUpdates Response", "result":"Success", "context":Received 23 update(s). cV=Uneda1Ehm8sjaiO6NgAlVx.0;server=akswtt00300000l;cloudType=Consumer;environment=Prod_germanywestcentral_prod-s01-010-eur-germanywestcentral;migrationStage=NotStarted}
{"logTime": "0116/075246", "correlationVector":"K7lTyJ5gliLzE/izLZp7ab","action":"Commit Request", "result":"", "context":Item count: 4
Contributing types: Sessions, History}
{"logTime": "0116/075246", "correlationVector":"K7lTyJ5gliLzE/izLZp7ab.1","action":"SyncServerConnectionManagerRequest", "result":"SYNC_SERVER_OK", "context":{"environment":"Prod_germanywestcentral_prod-s01-010-eur-germanywestcentral", "migrationStage":"NotStarted", "server":"akswtt00300002v"}}
{"logTime": "0116/075246", "correlationVector":"K7lTyJ5gliLzE/izLZp7ab.3","action":"Commit.Sessions", "result":"Success", "context":{"id":"b604bbfd-e2d9-4c9b-b788-f2a7f1ac032b", "isDeleted":"true", "size":"0", "version":"1737007218935"}}
{"logTime": "0116/075246", "correlationVector":"K7lTyJ5gliLzE/izLZp7ab.2","action":"Commit Response", "result":"Success", "context":Result: Success. cV=K7lTyJ5gliLzE/izLZp7ab.0;server=akswtt00300002v;cloudType=Consumer;environment=Prod_germanywestcentral_prod-s01-010-eur-germanywestcentral;migrationStage=NotStarted}
{"logTime": "0116/075316", "correlationVector":"zYUaBRKxIv8fWwRHs4qUet","action":"Commit Request", "result":"", "context":Item count: 7
Contributing types: Sessions, History}
{"logTime": "0116/075317", "correlationVector":"zYUaBRKxIv8fWwRHs4qUet.1","action":"SyncServerConnectionManagerRequest", "result":"SYNC_SERVER_OK", "context":{"environment":"Prod_germanywestcentral_prod-s01-010-eur-germanywestcentral", "migrationStage":"NotStarted", "server":"akswtt003000002"}}
{"logTime": "0116/075317", "correlationVector":"zYUaBRKxIv8fWwRHs4qUet.2","action":"Commit Response", "result":"Success", "context":Result: Success. cV=zYUaBRKxIv8fWwRHs4qUet.0;server=akswtt003000002;cloudType=Consumer;environment=Prod_germanywestcentral_prod-s01-010-eur-germanywestcentral;migrationStage=NotStarted}
{"logTime": "0116/075345", "correlationVector":"fI9Fu3/gXS7EhNjrTAPGdW","action":"Commit Request", "result":"", "context":Item count: 1
Contributing types: Preferences}
{"logTime": "0116/075345", "correlationVector":"fI9Fu3/gXS7EhNjrTAPGdW.1","action":"SyncServerConnectionManagerRequest", "result":"SYNC_SERVER_OK", "context":{"environment":"Prod_germanywestcentral_prod-s01-010-eur-germanywestcentral", "migrationStage":"NotStarted", "server":"akswtt00300002t"}}
{"logTime": "0116/075345", "correlationVector":"fI9Fu3/gXS7EhNjrTAPGdW.2","action":"Commit Response", "result":"Success", "context":Result: Success. cV=fI9Fu3/gXS7EhNjrTAPGdW.0;server=akswtt00300002t;cloudType=Consumer;environment=Prod_germanywestcentral_prod-s01-010-eur-germanywestcentral;migrationStage=NotStarted}
{"logTime": "0116/075432", "correlationVector":"QSpiIkuRkMN4toYViJS1yv","action":"Commit Request", "result":"", "context":Item count: 10
Contributing types: Sessions, History}
{"logTime": "0116/075433", "correlationVector":"QSpiIkuRkMN4toYViJS1yv.1","action":"SyncServerConnectionManagerRequest", "result":"SYNC_SERVER_OK", "context":{"environment":"Prod_germanywestcentral_prod-s01-011-eur-germanywestcentral", "migrationStage":"NotStarted", "server":"akswtt00300001l"}}
{"logTime": "0116/075433", "correlationVector":"QSpiIkuRkMN4toYViJS1yv.2","action":"Commit Response", "result":"Success", "context":Result: Success. cV=QSpiIkuRkMN4toYViJS1yv.0;server=akswtt00300001l;cloudType=Consumer;environment=Prod_germanywestcentral_prod-s01-011-eur-germanywestcentral;migrationStage=NotStarted}
{"logTime": "0123/073036", "correlationVector":"KneYvLUkYhjbUftPvNOXCb.1","action":"SyncServerConnectionManagerRequest", "result":"SYNC_SERVER_OK", "context":{"environment":"Prod_germanywestcentral_prod-s01-010-eur-germanywestcentral", "migrationStage":"NotStarted", "server":"akswtt003000024"}}
{"logTime": "0123/073037", "correlationVector":"MVzM/92XUoc0kzCukg/X79","action":"SyncServerConnectionManagerRequest", "result":"SYNC_SERVER_OK", "context":{"environment":"", "migrationStage":"", "server":""}}
{"logTime": "0123/073037", "correlationVector":"KneYvLUkYhjbUftPvNOXCb","action":"Initial GetUpdates", "result":"", "context":Reason: NEW_CLIENT. cV=KneYvLUkYhjbUftPvNOXCb}
{"logTime": "0123/073037", "correlationVector":"KneYvLUkYhjbUftPvNOXCb.2","action":"GetUpdates Response", "result":"Success", "context":Received 1 update(s). cV=KneYvLUkYhjbUftPvNOXCb.0;server=akswtt003000024;cloudType=Consumer;environment=Prod_germanywestcentral_prod-s01-010-eur-germanywestcentral;migrationStage=NotStarted}
{"logTime": "0123/073037", "correlationVector":"mlmfTxT1sGHnomxbKYgc9h","action":"Initial GetUpdates", "result":"", "context":Reason: NEWLY_SUPPORTED_DATATYPE. cV=mlmfTxT1sGHnomxbKYgc9h}
{"logTime": "0123/073037", "correlationVector":"mlmfTxT1sGHnomxbKYgc9h.1","action":"SyncServerConnectionManagerRequest", "result":"SYNC_SERVER_OK", "context":{"environment":"Prod_germanywestcentral_prod-s01-010-eur-germanywestcentral", "migrationStage":"NotStarted", "server":"akswtt003000000"}}
{"logTime": "0123/073037", "correlationVector":"mlmfTxT1sGHnomxbKYgc9h.2","action":"GetUpdates Response", "result":"Success", "context":Received 7 update(s). cV=mlmfTxT1sGHnomxbKYgc9h.0;server=akswtt003000000;cloudType=Consumer;environment=Prod_germanywestcentral_prod-s01-010-eur-germanywestcentral;migrationStage=NotStarted}
{"logTime": "0123/073037", "correlationVector":"MG61VnMc7/+Hx0CRbL8/eA","action":"Normal GetUpdate request", "result":"", "context":cV=MG61VnMc7/+Hx0CRbL8/eA
Nudged types: Autofill Profiles, Autofill, History
Refresh requested types: Bookmarks, Passwords, Autofill Profiles, Autofill, History, Edge Wallet, Encryption Keys}
{"logTime": "0123/073038", "correlationVector":"MG61VnMc7/+Hx0CRbL8/eA.1","action":"SyncServerConnectionManagerRequest", "result":"SYNC_SERVER_OK", "context":{"environment":"Prod_germanywestcentral_prod-s01-010-eur-germanywestcentral", "migrationStage":"NotStarted", "server":"akswtt00300000b"}}
{"logTime": "0123/073038", "correlationVector":"MG61VnMc7/+Hx0CRbL8/eA.2","action":"GetUpdates Response", "result":"Success", "context":Received 228 update(s). cV=MG61VnMc7/+Hx0CRbL8/eA.0;server=akswtt00300000b;cloudType=Consumer;environment=Prod_germanywestcentral_prod-s01-010-eur-germanywestcentral;migrationStage=NotStarted}
{"logTime": "0123/073038", "correlationVector":"3QUFhziButs698URgudTHR","action":"Poll GetUpdate request", "result":"", "context":cV=3QUFhziButs698URgudTHR}
{"logTime": "0123/073038", "correlationVector":"3QUFhziButs698URgudTHR.1","action":"SyncServerConnectionManagerRequest", "result":"SYNC_SERVER_OK", "context":{"environment":"Prod_germanywestcentral_prod-s01-010-eur-germanywestcentral", "migrationStage":"NotStarted", "server":"akswtt00300000b"}}
{"logTime": "0123/073038", "correlationVector":"3QUFhziButs698URgudTHR.2","action":"GetUpdates Response", "result":"Success", "context":Received 0 update(s). cV=3QUFhziButs698URgudTHR.0;server=akswtt00300000b;cloudType=Consumer;environment=Prod_germanywestcentral_prod-s01-010-eur-germanywestcentral;migrationStage=NotStarted}
{"logTime": "0123/073140", "correlationVector":"3b12MNzDaJdLlwf3rmrQC7","action":"Commit Request", "result":"", "context":Item count: 6
Contributing types: History}
{"logTime": "0123/073140", "correlationVector":"3b12MNzDaJdLlwf3rmrQC7.1","action":"SyncServerConnectionManagerRequest", "result":"SYNC_SERVER_OK", "context":{"environment":"Prod_germanywestcentral_prod-s01-010-eur-germanywestcentral", "migrationStage":"NotStarted", "server":"akswtt00300000d"}}
{"logTime": "0123/073140", "correlationVector":"3b12MNzDaJdLlwf3rmrQC7.2","action":"Commit Response", "result":"Success", "context":Result: Success. cV=3b12MNzDaJdLlwf3rmrQC7.0;server=akswtt00300000d;cloudType=Consumer;environment=Prod_germanywestcentral_prod-s01-010-eur-germanywestcentral;migrationStage=NotStarted}
{"logTime": "0123/073304", "correlationVector":"pp7sufASEqiZEH8oHPBYyC","action":"Commit Request", "result":"", "context":Item count: 4
Contributing types: History}
{"logTime": "0123/073305", "correlationVector":"pp7sufASEqiZEH8oHPBYyC.1","action":"SyncServerConnectionManagerRequest", "result":"SYNC_SERVER_OK", "context":{"environment":"Prod_germanywestcentral_prod-s01-011-eur-germanywestcentral", "migrationStage":"NotStarted", "server":"akswtt003000014"}}
{"logTime": "0123/073305", "correlationVector":"pp7sufASEqiZEH8oHPBYyC.2","action":"Commit Response", "result":"Success", "context":Result: Success. cV=pp7sufASEqiZEH8oHPBYyC.0;server=akswtt003000014;cloudType=Consumer;environment=Prod_germanywestcentral_prod-s01-011-eur-germanywestcentral;migrationStage=NotStarted}
{"logTime": "0123/073405", "correlationVector":"WF6lhe3uXe93in6OLreE35","action":"Commit Request", "result":"", "context":Item count: 4
Contributing types: History}
{"logTime": "0123/073406", "correlationVector":"WF6lhe3uXe93in6OLreE35.1","action":"SyncServerConnectionManagerRequest", "result":"SYNC_SERVER_OK", "context":{"environment":"Prod_germanywestcentral_prod-s01-010-eur-germanywestcentral", "migrationStage":"NotStarted", "server":"akswtt00300003o"}}
{"logTime": "0123/073406", "correlationVector":"WF6lhe3uXe93in6OLreE35.2","action":"Commit Response", "result":"Success", "context":Result: Success. cV=WF6lhe3uXe93in6OLreE35.0;server=akswtt00300003o;cloudType=Consumer;environment=Prod_germanywestcentral_prod-s01-010-eur-germanywestcentral;migrationStage=NotStarted}
{"logTime": "0129/181825", "correlationVector":"sMZ6f+FuR6q2QxsQ7yFm78.1","action":"SyncServerConnectionManagerRequest", "result":"SYNC_SERVER_OK", "context":{"environment":"Prod_germanywestcentral_prod-s01-011-eur-germanywestcentral", "migrationStage":"NotStarted", "server":"akswtt004000008"}}
{"logTime": "0129/181826", "correlationVector":"6K9W+0c2x8T1Ms2jrDzRIh","action":"SyncServerConnectionManagerRequest", "result":"SYNC_SERVER_OK", "context":{"environment":"", "migrationStage":"", "server":""}}
{"logTime": "0129/181826", "correlationVector":"sMZ6f+FuR6q2QxsQ7yFm78","action":"Initial GetUpdates", "result":"", "context":Reason: NEW_CLIENT. cV=sMZ6f+FuR6q2QxsQ7yFm78}
{"logTime": "0129/181826", "correlationVector":"sMZ6f+FuR6q2QxsQ7yFm78.2","action":"GetUpdates Response", "result":"Success", "context":Received 1 update(s). cV=sMZ6f+FuR6q2QxsQ7yFm78.0;server=akswtt004000008;cloudType=Consumer;environment=Prod_germanywestcentral_prod-s01-011-eur-germanywestcentral;migrationStage=NotStarted}
{"logTime": "0129/181826", "correlationVector":"8FBlJIL6/2Q0NaQGSWbEgx","action":"Initial GetUpdates", "result":"", "context":Reason: NEWLY_SUPPORTED_DATATYPE. cV=8FBlJIL6/2Q0NaQGSWbEgx}
{"logTime": "0129/181826", "correlationVector":"8FBlJIL6/2Q0NaQGSWbEgx.1","action":"SyncServerConnectionManagerRequest", "result":"SYNC_SERVER_OK", "context":{"environment":"Prod_germanywestcentral_prod-s01-011-eur-germanywestcentral", "migrationStage":"NotStarted", "server":"akswtt00400001r"}}
{"logTime": "0129/181826", "correlationVector":"8FBlJIL6/2Q0NaQGSWbEgx.2","action":"GetUpdates Response", "result":"Success", "context":Received 7 update(s). cV=8FBlJIL6/2Q0NaQGSWbEgx.0;server=akswtt00400001r;cloudType=Consumer;environment=Prod_germanywestcentral_prod-s01-011-eur-germanywestcentral;migrationStage=NotStarted}
{"logTime": "0129/181826", "correlationVector":"3dLc/G0asQwoV2peXFd0k4","action":"Normal GetUpdate request", "result":"", "context":cV=3dLc/G0asQwoV2peXFd0k4
Nudged types: History
Refresh requested types: Bookmarks, Passwords, Autofill Profiles, Autofill, History, Edge Wallet, Encryption Keys}
{"logTime": "0129/181828", "correlationVector":"3dLc/G0asQwoV2peXFd0k4.1","action":"SyncServerConnectionManagerRequest", "result":"SYNC_SERVER_OK", "context":{"environment":"Prod_germanywestcentral_prod-s01-011-eur-germanywestcentral", "migrationStage":"NotStarted", "server":"akswtt004000014"}}
{"logTime": "0129/181828", "correlationVector":"3dLc/G0asQwoV2peXFd0k4.2","action":"GetUpdates Response", "result":"Success", "context":Received 250 update(s). cV=3dLc/G0asQwoV2peXFd0k4.0;server=akswtt004000014;cloudType=Consumer;environment=Prod_germanywestcentral_prod-s01-011-eur-germanywestcentral;migrationStage=NotStarted Some updates remain.}
{"logTime": "0129/181828", "correlationVector":"13pE0PiodGy/RaIH3u/pig","action":"Normal GetUpdate request", "result":"", "context":cV=13pE0PiodGy/RaIH3u/pig
Nudged types: History
Refresh requested types: Bookmarks, Passwords, Autofill Profiles, Autofill, History, Edge Wallet, Encryption Keys}
{"logTime": "0129/181828", "correlationVector":"13pE0PiodGy/RaIH3u/pig.1","action":"SyncServerConnectionManagerRequest", "result":"SYNC_SERVER_OK", "context":{"environment":"Prod_germanywestcentral_prod-s01-011-eur-germanywestcentral", "migrationStage":"NotStarted", "server":"akswtt004000008"}}
{"logTime": "0129/181828", "correlationVector":"13pE0PiodGy/RaIH3u/pig.2","action":"GetUpdates Response", "result":"Success", "context":Received 122 update(s). cV=13pE0PiodGy/RaIH3u/pig.0;server=akswtt004000008;cloudType=Consumer;environment=Prod_germanywestcentral_prod-s01-011-eur-germanywestcentral;migrationStage=NotStarted}
{"logTime": "0129/181828", "correlationVector":"isoO/WUeBV9fNNRiuWD77q","action":"Poll GetUpdate request", "result":"", "context":cV=isoO/WUeBV9fNNRiuWD77q}
{"logTime": "0129/181829", "correlationVector":"isoO/WUeBV9fNNRiuWD77q.1","action":"SyncServerConnectionManagerRequest", "result":"SYNC_SERVER_OK", "context":{"environment":"Prod_germanywestcentral_prod-s01-011-eur-germanywestcentral", "migrationStage":"NotStarted", "server":"akswtt004000007"}}
{"logTime": "0129/181829", "correlationVector":"isoO/WUeBV9fNNRiuWD77q.2","action":"GetUpdates Response", "result":"Success", "context":Received 0 update(s). cV=isoO/WUeBV9fNNRiuWD77q.0;server=akswtt004000007;cloudType=Consumer;environment=Prod_germanywestcentral_prod-s01-011-eur-germanywestcentral;migrationStage=NotStarted}
{"logTime": "0129/181929", "correlationVector":"1T1uDhYEXpNePAw7m/kc79","action":"Commit Request", "result":"", "context":Item count: 6
Contributing types: History}
{"logTime": "0129/181929", "correlationVector":"1T1uDhYEXpNePAw7m/kc79.1","action":"SyncServerConnectionManagerRequest", "result":"SYNC_SERVER_OK", "context":{"environment":"Prod_germanywestcentral_prod-s01-011-eur-germanywestcentral", "migrationStage":"NotStarted", "server":"akswtt004000008"}}
{"logTime": "0129/181929", "correlationVector":"1T1uDhYEXpNePAw7m/kc79.2","action":"Commit Response", "result":"Success", "context":Result: Success. cV=1T1uDhYEXpNePAw7m/kc79.0;server=akswtt004000008;cloudType=Consumer;environment=Prod_germanywestcentral_prod-s01-011-eur-germanywestcentral;migrationStage=NotStarted}
